{"D:\\自己開発\\value-me\\src\\App.tsx": {"path":"D:\\自己開発\\value-me\\src\\App.tsx","all":true,"statementMap":{"0":{"start":{"line":1,"column":0},"end":{"line":1,"column":74}},"1":{"start":{"line":2,"column":0},"end":{"line":2,"column":53}},"2":{"start":{"line":3,"column":0},"end":{"line":3,"column":52}},"3":{"start":{"line":4,"column":0},"end":{"line":4,"column":48}},"4":{"start":{"line":5,"column":0},"end":{"line":5,"column":50}},"5":{"start":{"line":6,"column":0},"end":{"line":6,"column":36}},"6":{"start":{"line":7,"column":0},"end":{"line":7,"column":36}},"7":{"start":{"line":8,"column":0},"end":{"line":8,"column":40}},"8":{"start":{"line":9,"column":0},"end":{"line":9,"column":54}},"9":{"start":{"line":10,"column":0},"end":{"line":10,"column":64}},"10":{"start":{"line":11,"column":0},"end":{"line":11,"column":40}},"11":{"start":{"line":12,"column":0},"end":{"line":12,"column":40}},"12":{"start":{"line":13,"column":0},"end":{"line":13,"column":9}},"13":{"start":{"line":14,"column":0},"end":{"line":14,"column":25}},"14":{"start":{"line":15,"column":0},"end":{"line":15,"column":29}},"15":{"start":{"line":16,"column":0},"end":{"line":16,"column":25}},"16":{"start":{"line":17,"column":0},"end":{"line":17,"column":21}},"17":{"start":{"line":18,"column":0},"end":{"line":18,"column":29}},"18":{"start":{"line":19,"column":0},"end":{"line":19,"column":61}},"19":{"start":{"line":20,"column":0},"end":{"line":20,"column":57}},"20":{"start":{"line":21,"column":0},"end":{"line":21,"column":69}},"21":{"start":{"line":22,"column":0},"end":{"line":22,"column":55}},"22":{"start":{"line":23,"column":0},"end":{"line":23,"column":82}},"23":{"start":{"line":24,"column":0},"end":{"line":24,"column":72}},"24":{"start":{"line":25,"column":0},"end":{"line":25,"column":62}},"25":{"start":{"line":26,"column":0},"end":{"line":26,"column":70}},"26":{"start":{"line":27,"column":0},"end":{"line":27,"column":54}},"27":{"start":{"line":28,"column":0},"end":{"line":28,"column":53}},"28":{"start":{"line":29,"column":0},"end":{"line":29,"column":65}},"29":{"start":{"line":30,"column":0},"end":{"line":30,"column":35}},"30":{"start":{"line":31,"column":0},"end":{"line":31,"column":0}},"31":{"start":{"line":32,"column":0},"end":{"line":32,"column":0}},"32":{"start":{"line":33,"column":0},"end":{"line":33,"column":44}},"33":{"start":{"line":34,"column":0},"end":{"line":34,"column":26}},"34":{"start":{"line":35,"column":0},"end":{"line":35,"column":25}},"35":{"start":{"line":36,"column":0},"end":{"line":36,"column":24}},"36":{"start":{"line":37,"column":0},"end":{"line":37,"column":25}},"37":{"start":{"line":38,"column":0},"end":{"line":38,"column":30}},"38":{"start":{"line":39,"column":0},"end":{"line":39,"column":29}},"39":{"start":{"line":40,"column":0},"end":{"line":40,"column":25}},"40":{"start":{"line":41,"column":0},"end":{"line":41,"column":55}},"41":{"start":{"line":42,"column":0},"end":{"line":42,"column":53}},"42":{"start":{"line":43,"column":0},"end":{"line":43,"column":65}},"43":{"start":{"line":44,"column":0},"end":{"line":44,"column":9}},"44":{"start":{"line":45,"column":0},"end":{"line":45,"column":30}},"45":{"start":{"line":46,"column":0},"end":{"line":46,"column":26}},"46":{"start":{"line":47,"column":0},"end":{"line":47,"column":21}},"47":{"start":{"line":48,"column":0},"end":{"line":48,"column":27}},"48":{"start":{"line":49,"column":0},"end":{"line":49,"column":37}},"49":{"start":{"line":50,"column":0},"end":{"line":50,"column":24}},"50":{"start":{"line":51,"column":0},"end":{"line":51,"column":25}},"51":{"start":{"line":52,"column":0},"end":{"line":52,"column":23}},"52":{"start":{"line":53,"column":0},"end":{"line":53,"column":30}},"53":{"start":{"line":54,"column":0},"end":{"line":54,"column":22}},"54":{"start":{"line":55,"column":0},"end":{"line":55,"column":19}},"55":{"start":{"line":56,"column":0},"end":{"line":56,"column":19}},"56":{"start":{"line":57,"column":0},"end":{"line":57,"column":23}},"57":{"start":{"line":58,"column":0},"end":{"line":58,"column":18}},"58":{"start":{"line":59,"column":0},"end":{"line":59,"column":30}},"59":{"start":{"line":60,"column":0},"end":{"line":60,"column":16}},"60":{"start":{"line":61,"column":0},"end":{"line":61,"column":26}},"61":{"start":{"line":62,"column":0},"end":{"line":62,"column":22}},"62":{"start":{"line":63,"column":0},"end":{"line":63,"column":2}},"63":{"start":{"line":64,"column":0},"end":{"line":64,"column":0}},"64":{"start":{"line":65,"column":0},"end":{"line":65,"column":16}},"65":{"start":{"line":66,"column":0},"end":{"line":66,"column":49}},"66":{"start":{"line":67,"column":0},"end":{"line":67,"column":53}},"67":{"start":{"line":68,"column":0},"end":{"line":68,"column":58}},"68":{"start":{"line":69,"column":0},"end":{"line":69,"column":52}},"69":{"start":{"line":70,"column":0},"end":{"line":70,"column":53}},"70":{"start":{"line":71,"column":0},"end":{"line":71,"column":49}},"71":{"start":{"line":72,"column":0},"end":{"line":72,"column":4}},"72":{"start":{"line":73,"column":0},"end":{"line":73,"column":18}},"73":{"start":{"line":74,"column":0},"end":{"line":74,"column":93}},"74":{"start":{"line":75,"column":0},"end":{"line":75,"column":71}},"75":{"start":{"line":76,"column":0},"end":{"line":76,"column":63}},"76":{"start":{"line":77,"column":0},"end":{"line":77,"column":0}},"77":{"start":{"line":78,"column":0},"end":{"line":78,"column":55}},"78":{"start":{"line":79,"column":0},"end":{"line":79,"column":54}},"79":{"start":{"line":80,"column":0},"end":{"line":80,"column":0}},"80":{"start":{"line":81,"column":0},"end":{"line":81,"column":16}},"81":{"start":{"line":82,"column":0},"end":{"line":82,"column":78}},"82":{"start":{"line":83,"column":0},"end":{"line":83,"column":36}},"83":{"start":{"line":84,"column":0},"end":{"line":84,"column":11}},"84":{"start":{"line":85,"column":0},"end":{"line":85,"column":0}},"85":{"start":{"line":86,"column":0},"end":{"line":86,"column":17}},"86":{"start":{"line":87,"column":0},"end":{"line":87,"column":75}},"87":{"start":{"line":88,"column":0},"end":{"line":88,"column":37}},"88":{"start":{"line":89,"column":0},"end":{"line":89,"column":8}},"89":{"start":{"line":90,"column":0},"end":{"line":90,"column":30}},"90":{"start":{"line":91,"column":0},"end":{"line":91,"column":62}},"91":{"start":{"line":92,"column":0},"end":{"line":92,"column":30}},"92":{"start":{"line":93,"column":0},"end":{"line":93,"column":28}},"93":{"start":{"line":94,"column":0},"end":{"line":94,"column":37}},"94":{"start":{"line":95,"column":0},"end":{"line":95,"column":37}},"95":{"start":{"line":96,"column":0},"end":{"line":96,"column":57}},"96":{"start":{"line":97,"column":0},"end":{"line":97,"column":11}},"97":{"start":{"line":98,"column":0},"end":{"line":98,"column":0}},"98":{"start":{"line":99,"column":0},"end":{"line":99,"column":44}},"99":{"start":{"line":100,"column":0},"end":{"line":100,"column":57}},"100":{"start":{"line":101,"column":0},"end":{"line":101,"column":58}},"101":{"start":{"line":102,"column":0},"end":{"line":102,"column":30}},"102":{"start":{"line":103,"column":0},"end":{"line":103,"column":0}},"103":{"start":{"line":104,"column":0},"end":{"line":104,"column":17}},"104":{"start":{"line":105,"column":0},"end":{"line":105,"column":61}},"105":{"start":{"line":106,"column":0},"end":{"line":106,"column":42}},"106":{"start":{"line":107,"column":0},"end":{"line":107,"column":18}},"107":{"start":{"line":108,"column":0},"end":{"line":108,"column":80}},"108":{"start":{"line":109,"column":0},"end":{"line":109,"column":56}},"109":{"start":{"line":110,"column":0},"end":{"line":110,"column":18}},"110":{"start":{"line":111,"column":0},"end":{"line":111,"column":0}},"111":{"start":{"line":112,"column":0},"end":{"line":112,"column":27}},"112":{"start":{"line":113,"column":0},"end":{"line":113,"column":21}},"113":{"start":{"line":114,"column":0},"end":{"line":114,"column":36}},"114":{"start":{"line":115,"column":0},"end":{"line":115,"column":74}},"115":{"start":{"line":116,"column":0},"end":{"line":116,"column":40}},"116":{"start":{"line":117,"column":0},"end":{"line":117,"column":25}},"117":{"start":{"line":118,"column":0},"end":{"line":118,"column":49}},"118":{"start":{"line":119,"column":0},"end":{"line":119,"column":25}},"119":{"start":{"line":120,"column":0},"end":{"line":120,"column":22}},"120":{"start":{"line":121,"column":0},"end":{"line":121,"column":33}},"121":{"start":{"line":122,"column":0},"end":{"line":122,"column":32}},"122":{"start":{"line":123,"column":0},"end":{"line":123,"column":33}},"123":{"start":{"line":124,"column":0},"end":{"line":124,"column":50}},"124":{"start":{"line":125,"column":0},"end":{"line":125,"column":29}},"125":{"start":{"line":126,"column":0},"end":{"line":126,"column":22}},"126":{"start":{"line":127,"column":0},"end":{"line":127,"column":66}},"127":{"start":{"line":128,"column":0},"end":{"line":128,"column":17}},"128":{"start":{"line":129,"column":0},"end":{"line":129,"column":0}},"129":{"start":{"line":130,"column":0},"end":{"line":130,"column":44}},"130":{"start":{"line":131,"column":0},"end":{"line":131,"column":77}},"131":{"start":{"line":132,"column":0},"end":{"line":132,"column":66}},"132":{"start":{"line":133,"column":0},"end":{"line":133,"column":17}},"133":{"start":{"line":134,"column":0},"end":{"line":134,"column":29}},"134":{"start":{"line":135,"column":0},"end":{"line":135,"column":49}},"135":{"start":{"line":136,"column":0},"end":{"line":136,"column":23}},"136":{"start":{"line":137,"column":0},"end":{"line":137,"column":34}},"137":{"start":{"line":138,"column":0},"end":{"line":138,"column":34}},"138":{"start":{"line":139,"column":0},"end":{"line":139,"column":39}},"139":{"start":{"line":140,"column":0},"end":{"line":140,"column":24}},"140":{"start":{"line":141,"column":0},"end":{"line":141,"column":13}},"141":{"start":{"line":142,"column":0},"end":{"line":142,"column":9}},"142":{"start":{"line":143,"column":0},"end":{"line":143,"column":56}},"143":{"start":{"line":144,"column":0},"end":{"line":144,"column":0}},"144":{"start":{"line":145,"column":0},"end":{"line":145,"column":35}},"145":{"start":{"line":146,"column":0},"end":{"line":146,"column":49}},"146":{"start":{"line":147,"column":0},"end":{"line":147,"column":42}},"147":{"start":{"line":148,"column":0},"end":{"line":148,"column":37}},"148":{"start":{"line":149,"column":0},"end":{"line":149,"column":10}},"149":{"start":{"line":150,"column":0},"end":{"line":150,"column":10}},"150":{"start":{"line":151,"column":0},"end":{"line":151,"column":6}},"151":{"start":{"line":152,"column":0},"end":{"line":152,"column":0}},"152":{"start":{"line":153,"column":0},"end":{"line":153,"column":32}},"153":{"start":{"line":154,"column":0},"end":{"line":154,"column":74}},"154":{"start":{"line":155,"column":0},"end":{"line":155,"column":76}},"155":{"start":{"line":156,"column":0},"end":{"line":156,"column":0}},"156":{"start":{"line":157,"column":0},"end":{"line":157,"column":131}},"157":{"start":{"line":158,"column":0},"end":{"line":158,"column":0}},"158":{"start":{"line":159,"column":0},"end":{"line":159,"column":21}},"159":{"start":{"line":160,"column":0},"end":{"line":160,"column":56}},"160":{"start":{"line":161,"column":0},"end":{"line":161,"column":55}},"161":{"start":{"line":162,"column":0},"end":{"line":162,"column":0}},"162":{"start":{"line":163,"column":0},"end":{"line":163,"column":16}},"163":{"start":{"line":164,"column":0},"end":{"line":164,"column":154}},"164":{"start":{"line":165,"column":0},"end":{"line":165,"column":31}},"165":{"start":{"line":166,"column":0},"end":{"line":166,"column":36}},"166":{"start":{"line":167,"column":0},"end":{"line":167,"column":33}},"167":{"start":{"line":168,"column":0},"end":{"line":168,"column":51}},"168":{"start":{"line":169,"column":0},"end":{"line":169,"column":45}},"169":{"start":{"line":170,"column":0},"end":{"line":170,"column":57}},"170":{"start":{"line":171,"column":0},"end":{"line":171,"column":49}},"171":{"start":{"line":172,"column":0},"end":{"line":172,"column":13}},"172":{"start":{"line":173,"column":0},"end":{"line":173,"column":12}},"173":{"start":{"line":174,"column":0},"end":{"line":174,"column":39}},"174":{"start":{"line":175,"column":0},"end":{"line":175,"column":30}},"175":{"start":{"line":176,"column":0},"end":{"line":176,"column":45}},"176":{"start":{"line":177,"column":0},"end":{"line":177,"column":51}},"177":{"start":{"line":178,"column":0},"end":{"line":178,"column":17}},"178":{"start":{"line":179,"column":0},"end":{"line":179,"column":20}},"179":{"start":{"line":180,"column":0},"end":{"line":180,"column":12}},"180":{"start":{"line":181,"column":0},"end":{"line":181,"column":33}},"181":{"start":{"line":182,"column":0},"end":{"line":182,"column":31}},"182":{"start":{"line":183,"column":0},"end":{"line":183,"column":45}},"183":{"start":{"line":184,"column":0},"end":{"line":184,"column":44}},"184":{"start":{"line":185,"column":0},"end":{"line":185,"column":39}},"185":{"start":{"line":186,"column":0},"end":{"line":186,"column":14}},"186":{"start":{"line":187,"column":0},"end":{"line":187,"column":64}},"187":{"start":{"line":188,"column":0},"end":{"line":188,"column":9}},"188":{"start":{"line":189,"column":0},"end":{"line":189,"column":21}},"189":{"start":{"line":190,"column":0},"end":{"line":190,"column":0}},"190":{"start":{"line":191,"column":0},"end":{"line":191,"column":21}},"191":{"start":{"line":192,"column":0},"end":{"line":192,"column":21}},"192":{"start":{"line":193,"column":0},"end":{"line":193,"column":57}},"193":{"start":{"line":194,"column":0},"end":{"line":194,"column":33}},"194":{"start":{"line":195,"column":0},"end":{"line":195,"column":68}},"195":{"start":{"line":196,"column":0},"end":{"line":196,"column":36}},"196":{"start":{"line":197,"column":0},"end":{"line":197,"column":29}},"197":{"start":{"line":198,"column":0},"end":{"line":198,"column":47}},"198":{"start":{"line":199,"column":0},"end":{"line":199,"column":61}},"199":{"start":{"line":200,"column":0},"end":{"line":200,"column":53}},"200":{"start":{"line":201,"column":0},"end":{"line":201,"column":30}},"201":{"start":{"line":202,"column":0},"end":{"line":202,"column":29}},"202":{"start":{"line":203,"column":0},"end":{"line":203,"column":47}},"203":{"start":{"line":204,"column":0},"end":{"line":204,"column":60}},"204":{"start":{"line":205,"column":0},"end":{"line":205,"column":57}},"205":{"start":{"line":206,"column":0},"end":{"line":206,"column":30}},"206":{"start":{"line":207,"column":0},"end":{"line":207,"column":29}},"207":{"start":{"line":208,"column":0},"end":{"line":208,"column":47}},"208":{"start":{"line":209,"column":0},"end":{"line":209,"column":52}},"209":{"start":{"line":210,"column":0},"end":{"line":210,"column":30}},"210":{"start":{"line":211,"column":0},"end":{"line":211,"column":29}},"211":{"start":{"line":212,"column":0},"end":{"line":212,"column":47}},"212":{"start":{"line":213,"column":0},"end":{"line":213,"column":44}},"213":{"start":{"line":214,"column":0},"end":{"line":214,"column":30}},"214":{"start":{"line":215,"column":0},"end":{"line":215,"column":17}},"215":{"start":{"line":216,"column":0},"end":{"line":216,"column":13}},"216":{"start":{"line":217,"column":0},"end":{"line":217,"column":10}},"217":{"start":{"line":218,"column":0},"end":{"line":218,"column":0}},"218":{"start":{"line":219,"column":0},"end":{"line":219,"column":60}},"219":{"start":{"line":220,"column":0},"end":{"line":220,"column":76}},"220":{"start":{"line":221,"column":0},"end":{"line":221,"column":40}},"221":{"start":{"line":222,"column":0},"end":{"line":222,"column":0}},"222":{"start":{"line":223,"column":0},"end":{"line":223,"column":29}},"223":{"start":{"line":224,"column":0},"end":{"line":224,"column":70}},"224":{"start":{"line":225,"column":0},"end":{"line":225,"column":47}},"225":{"start":{"line":226,"column":0},"end":{"line":226,"column":30}},"226":{"start":{"line":227,"column":0},"end":{"line":227,"column":28}},"227":{"start":{"line":228,"column":0},"end":{"line":228,"column":37}},"228":{"start":{"line":229,"column":0},"end":{"line":229,"column":26}},"229":{"start":{"line":230,"column":0},"end":{"line":230,"column":11}},"230":{"start":{"line":231,"column":0},"end":{"line":231,"column":0}},"231":{"start":{"line":232,"column":0},"end":{"line":232,"column":34}},"232":{"start":{"line":233,"column":0},"end":{"line":233,"column":76}},"233":{"start":{"line":234,"column":0},"end":{"line":234,"column":45}},"234":{"start":{"line":235,"column":0},"end":{"line":235,"column":11}},"235":{"start":{"line":236,"column":0},"end":{"line":236,"column":0}},"236":{"start":{"line":237,"column":0},"end":{"line":237,"column":12}},"237":{"start":{"line":238,"column":0},"end":{"line":238,"column":40}},"238":{"start":{"line":239,"column":0},"end":{"line":239,"column":27}},"239":{"start":{"line":240,"column":0},"end":{"line":240,"column":16}},"240":{"start":{"line":241,"column":0},"end":{"line":241,"column":32}},"241":{"start":{"line":242,"column":0},"end":{"line":242,"column":21}},"242":{"start":{"line":243,"column":0},"end":{"line":243,"column":39}},"243":{"start":{"line":244,"column":0},"end":{"line":244,"column":34}},"244":{"start":{"line":245,"column":0},"end":{"line":245,"column":36}},"245":{"start":{"line":246,"column":0},"end":{"line":246,"column":44}},"246":{"start":{"line":247,"column":0},"end":{"line":247,"column":39}},"247":{"start":{"line":248,"column":0},"end":{"line":248,"column":80}},"248":{"start":{"line":249,"column":0},"end":{"line":249,"column":42}},"249":{"start":{"line":250,"column":0},"end":{"line":250,"column":22}},"250":{"start":{"line":251,"column":0},"end":{"line":251,"column":18}},"251":{"start":{"line":252,"column":0},"end":{"line":252,"column":13}},"252":{"start":{"line":253,"column":0},"end":{"line":253,"column":31}},"253":{"start":{"line":254,"column":0},"end":{"line":254,"column":20}},"254":{"start":{"line":255,"column":0},"end":{"line":255,"column":33}},"255":{"start":{"line":256,"column":0},"end":{"line":256,"column":40}},"256":{"start":{"line":257,"column":0},"end":{"line":257,"column":25}},"257":{"start":{"line":258,"column":0},"end":{"line":258,"column":45}},"258":{"start":{"line":259,"column":0},"end":{"line":259,"column":40}},"259":{"start":{"line":260,"column":0},"end":{"line":260,"column":37}},"260":{"start":{"line":261,"column":0},"end":{"line":261,"column":38}},"261":{"start":{"line":262,"column":0},"end":{"line":262,"column":43}},"262":{"start":{"line":263,"column":0},"end":{"line":263,"column":36}},"263":{"start":{"line":264,"column":0},"end":{"line":264,"column":46}},"264":{"start":{"line":265,"column":0},"end":{"line":265,"column":40}},"265":{"start":{"line":266,"column":0},"end":{"line":266,"column":41}},"266":{"start":{"line":267,"column":0},"end":{"line":267,"column":42}},"267":{"start":{"line":268,"column":0},"end":{"line":268,"column":43}},"268":{"start":{"line":269,"column":0},"end":{"line":269,"column":48}},"269":{"start":{"line":270,"column":0},"end":{"line":270,"column":52}},"270":{"start":{"line":271,"column":0},"end":{"line":271,"column":58}},"271":{"start":{"line":272,"column":0},"end":{"line":272,"column":51}},"272":{"start":{"line":273,"column":0},"end":{"line":273,"column":44}},"273":{"start":{"line":274,"column":0},"end":{"line":274,"column":41}},"274":{"start":{"line":275,"column":0},"end":{"line":275,"column":26}},"275":{"start":{"line":276,"column":0},"end":{"line":276,"column":22}},"276":{"start":{"line":277,"column":0},"end":{"line":277,"column":17}},"277":{"start":{"line":278,"column":0},"end":{"line":278,"column":33}},"278":{"start":{"line":279,"column":0},"end":{"line":279,"column":22}},"279":{"start":{"line":280,"column":0},"end":{"line":280,"column":0}},"280":{"start":{"line":281,"column":0},"end":{"line":281,"column":30}},"281":{"start":{"line":282,"column":0},"end":{"line":282,"column":20}},"282":{"start":{"line":283,"column":0},"end":{"line":283,"column":38}},"283":{"start":{"line":284,"column":0},"end":{"line":284,"column":33}},"284":{"start":{"line":285,"column":0},"end":{"line":285,"column":25}},"285":{"start":{"line":286,"column":0},"end":{"line":286,"column":43}},"286":{"start":{"line":287,"column":0},"end":{"line":287,"column":31}},"287":{"start":{"line":288,"column":0},"end":{"line":288,"column":37}},"288":{"start":{"line":289,"column":0},"end":{"line":289,"column":41}},"289":{"start":{"line":290,"column":0},"end":{"line":290,"column":50}},"290":{"start":{"line":291,"column":0},"end":{"line":291,"column":47}},"291":{"start":{"line":292,"column":0},"end":{"line":292,"column":38}},"292":{"start":{"line":293,"column":0},"end":{"line":293,"column":22}},"293":{"start":{"line":294,"column":0},"end":{"line":294,"column":17}},"294":{"start":{"line":295,"column":0},"end":{"line":295,"column":30}},"295":{"start":{"line":296,"column":0},"end":{"line":296,"column":37}},"296":{"start":{"line":297,"column":0},"end":{"line":297,"column":29}},"297":{"start":{"line":298,"column":0},"end":{"line":298,"column":42}},"298":{"start":{"line":299,"column":0},"end":{"line":299,"column":49}},"299":{"start":{"line":300,"column":0},"end":{"line":300,"column":26}},"300":{"start":{"line":301,"column":0},"end":{"line":301,"column":21}},"301":{"start":{"line":302,"column":0},"end":{"line":302,"column":38}},"302":{"start":{"line":303,"column":0},"end":{"line":303,"column":61}},"303":{"start":{"line":304,"column":0},"end":{"line":304,"column":39}},"304":{"start":{"line":305,"column":0},"end":{"line":305,"column":44}},"305":{"start":{"line":306,"column":0},"end":{"line":306,"column":46}},"306":{"start":{"line":307,"column":0},"end":{"line":307,"column":46}},"307":{"start":{"line":308,"column":0},"end":{"line":308,"column":37}},"308":{"start":{"line":309,"column":0},"end":{"line":309,"column":55}},"309":{"start":{"line":310,"column":0},"end":{"line":310,"column":58}},"310":{"start":{"line":311,"column":0},"end":{"line":311,"column":59}},"311":{"start":{"line":312,"column":0},"end":{"line":312,"column":80}},"312":{"start":{"line":313,"column":0},"end":{"line":313,"column":34}},"313":{"start":{"line":314,"column":0},"end":{"line":314,"column":29}},"314":{"start":{"line":315,"column":0},"end":{"line":315,"column":40}},"315":{"start":{"line":316,"column":0},"end":{"line":316,"column":41}},"316":{"start":{"line":317,"column":0},"end":{"line":317,"column":39}},"317":{"start":{"line":318,"column":0},"end":{"line":318,"column":51}},"318":{"start":{"line":319,"column":0},"end":{"line":319,"column":45}},"319":{"start":{"line":320,"column":0},"end":{"line":320,"column":46}},"320":{"start":{"line":321,"column":0},"end":{"line":321,"column":53}},"321":{"start":{"line":322,"column":0},"end":{"line":322,"column":37}},"322":{"start":{"line":323,"column":0},"end":{"line":323,"column":75}},"323":{"start":{"line":324,"column":0},"end":{"line":324,"column":42}},"324":{"start":{"line":325,"column":0},"end":{"line":325,"column":34}},"325":{"start":{"line":326,"column":0},"end":{"line":326,"column":29}},"326":{"start":{"line":327,"column":0},"end":{"line":327,"column":94}},"327":{"start":{"line":328,"column":0},"end":{"line":328,"column":91}},"328":{"start":{"line":329,"column":0},"end":{"line":329,"column":50}},"329":{"start":{"line":330,"column":0},"end":{"line":330,"column":41}},"330":{"start":{"line":331,"column":0},"end":{"line":331,"column":0}},"331":{"start":{"line":332,"column":0},"end":{"line":332,"column":47}},"332":{"start":{"line":333,"column":0},"end":{"line":333,"column":33}},"333":{"start":{"line":334,"column":0},"end":{"line":334,"column":47}},"334":{"start":{"line":335,"column":0},"end":{"line":335,"column":49}},"335":{"start":{"line":336,"column":0},"end":{"line":336,"column":49}},"336":{"start":{"line":337,"column":0},"end":{"line":337,"column":51}},"337":{"start":{"line":338,"column":0},"end":{"line":338,"column":38}},"338":{"start":{"line":339,"column":0},"end":{"line":339,"column":53}},"339":{"start":{"line":340,"column":0},"end":{"line":340,"column":62}},"340":{"start":{"line":341,"column":0},"end":{"line":341,"column":42}},"341":{"start":{"line":342,"column":0},"end":{"line":342,"column":79}},"342":{"start":{"line":343,"column":0},"end":{"line":343,"column":58}},"343":{"start":{"line":344,"column":0},"end":{"line":344,"column":56}},"344":{"start":{"line":345,"column":0},"end":{"line":345,"column":34}},"345":{"start":{"line":346,"column":0},"end":{"line":346,"column":29}},"346":{"start":{"line":347,"column":0},"end":{"line":347,"column":69}},"347":{"start":{"line":348,"column":0},"end":{"line":348,"column":54}},"348":{"start":{"line":349,"column":0},"end":{"line":349,"column":59}},"349":{"start":{"line":350,"column":0},"end":{"line":350,"column":49}},"350":{"start":{"line":351,"column":0},"end":{"line":351,"column":67}},"351":{"start":{"line":352,"column":0},"end":{"line":352,"column":106}},"352":{"start":{"line":353,"column":0},"end":{"line":353,"column":52}},"353":{"start":{"line":354,"column":0},"end":{"line":354,"column":37}},"354":{"start":{"line":355,"column":0},"end":{"line":355,"column":54}},"355":{"start":{"line":356,"column":0},"end":{"line":356,"column":71}},"356":{"start":{"line":357,"column":0},"end":{"line":357,"column":75}},"357":{"start":{"line":358,"column":0},"end":{"line":358,"column":41}},"358":{"start":{"line":359,"column":0},"end":{"line":359,"column":95}},"359":{"start":{"line":360,"column":0},"end":{"line":360,"column":48}},"360":{"start":{"line":361,"column":0},"end":{"line":361,"column":55}},"361":{"start":{"line":362,"column":0},"end":{"line":362,"column":54}},"362":{"start":{"line":363,"column":0},"end":{"line":363,"column":70}},"363":{"start":{"line":364,"column":0},"end":{"line":364,"column":75}},"364":{"start":{"line":365,"column":0},"end":{"line":365,"column":41}},"365":{"start":{"line":366,"column":0},"end":{"line":366,"column":93}},"366":{"start":{"line":367,"column":0},"end":{"line":367,"column":48}},"367":{"start":{"line":368,"column":0},"end":{"line":368,"column":55}},"368":{"start":{"line":369,"column":0},"end":{"line":369,"column":54}},"369":{"start":{"line":370,"column":0},"end":{"line":370,"column":62}},"370":{"start":{"line":371,"column":0},"end":{"line":371,"column":77}},"371":{"start":{"line":372,"column":0},"end":{"line":372,"column":41}},"372":{"start":{"line":373,"column":0},"end":{"line":373,"column":91}},"373":{"start":{"line":374,"column":0},"end":{"line":374,"column":50}},"374":{"start":{"line":375,"column":0},"end":{"line":375,"column":55}},"375":{"start":{"line":376,"column":0},"end":{"line":376,"column":56}},"376":{"start":{"line":377,"column":0},"end":{"line":377,"column":40}},"377":{"start":{"line":378,"column":0},"end":{"line":378,"column":37}},"378":{"start":{"line":379,"column":0},"end":{"line":379,"column":53}},"379":{"start":{"line":380,"column":0},"end":{"line":380,"column":42}},"380":{"start":{"line":381,"column":0},"end":{"line":381,"column":61}},"381":{"start":{"line":382,"column":0},"end":{"line":382,"column":64}},"382":{"start":{"line":383,"column":0},"end":{"line":383,"column":60}},"383":{"start":{"line":384,"column":0},"end":{"line":384,"column":76}},"384":{"start":{"line":385,"column":0},"end":{"line":385,"column":38}},"385":{"start":{"line":386,"column":0},"end":{"line":386,"column":63}},"386":{"start":{"line":387,"column":0},"end":{"line":387,"column":33}},"387":{"start":{"line":388,"column":0},"end":{"line":388,"column":51}},"388":{"start":{"line":389,"column":0},"end":{"line":389,"column":54}},"389":{"start":{"line":390,"column":0},"end":{"line":390,"column":109}},"390":{"start":{"line":391,"column":0},"end":{"line":391,"column":55}},"391":{"start":{"line":392,"column":0},"end":{"line":392,"column":38}},"392":{"start":{"line":393,"column":0},"end":{"line":393,"column":34}},"393":{"start":{"line":394,"column":0},"end":{"line":394,"column":30}},"394":{"start":{"line":395,"column":0},"end":{"line":395,"column":0}},"395":{"start":{"line":396,"column":0},"end":{"line":396,"column":38}},"396":{"start":{"line":397,"column":0},"end":{"line":397,"column":87}},"397":{"start":{"line":398,"column":0},"end":{"line":398,"column":32}},"398":{"start":{"line":399,"column":0},"end":{"line":399,"column":51}},"399":{"start":{"line":400,"column":0},"end":{"line":400,"column":51}},"400":{"start":{"line":401,"column":0},"end":{"line":401,"column":45}},"401":{"start":{"line":402,"column":0},"end":{"line":402,"column":37}},"402":{"start":{"line":403,"column":0},"end":{"line":403,"column":60}},"403":{"start":{"line":404,"column":0},"end":{"line":404,"column":66}},"404":{"start":{"line":405,"column":0},"end":{"line":405,"column":52}},"405":{"start":{"line":406,"column":0},"end":{"line":406,"column":56}},"406":{"start":{"line":407,"column":0},"end":{"line":407,"column":57}},"407":{"start":{"line":408,"column":0},"end":{"line":408,"column":34}},"408":{"start":{"line":409,"column":0},"end":{"line":409,"column":29}},"409":{"start":{"line":410,"column":0},"end":{"line":410,"column":46}},"410":{"start":{"line":411,"column":0},"end":{"line":411,"column":62}},"411":{"start":{"line":412,"column":0},"end":{"line":412,"column":73}},"412":{"start":{"line":413,"column":0},"end":{"line":413,"column":55}},"413":{"start":{"line":414,"column":0},"end":{"line":414,"column":34}},"414":{"start":{"line":415,"column":0},"end":{"line":415,"column":34}},"415":{"start":{"line":416,"column":0},"end":{"line":416,"column":26}},"416":{"start":{"line":417,"column":0},"end":{"line":417,"column":0}},"417":{"start":{"line":418,"column":0},"end":{"line":418,"column":38}},"418":{"start":{"line":419,"column":0},"end":{"line":419,"column":96}},"419":{"start":{"line":420,"column":0},"end":{"line":420,"column":32}},"420":{"start":{"line":421,"column":0},"end":{"line":421,"column":51}},"421":{"start":{"line":422,"column":0},"end":{"line":422,"column":51}},"422":{"start":{"line":423,"column":0},"end":{"line":423,"column":45}},"423":{"start":{"line":424,"column":0},"end":{"line":424,"column":37}},"424":{"start":{"line":425,"column":0},"end":{"line":425,"column":60}},"425":{"start":{"line":426,"column":0},"end":{"line":426,"column":66}},"426":{"start":{"line":427,"column":0},"end":{"line":427,"column":52}},"427":{"start":{"line":428,"column":0},"end":{"line":428,"column":56}},"428":{"start":{"line":429,"column":0},"end":{"line":429,"column":57}},"429":{"start":{"line":430,"column":0},"end":{"line":430,"column":34}},"430":{"start":{"line":431,"column":0},"end":{"line":431,"column":29}},"431":{"start":{"line":432,"column":0},"end":{"line":432,"column":59}},"432":{"start":{"line":433,"column":0},"end":{"line":433,"column":43}},"433":{"start":{"line":434,"column":0},"end":{"line":434,"column":53}},"434":{"start":{"line":435,"column":0},"end":{"line":435,"column":79}},"435":{"start":{"line":436,"column":0},"end":{"line":436,"column":58}},"436":{"start":{"line":437,"column":0},"end":{"line":437,"column":58}},"437":{"start":{"line":438,"column":0},"end":{"line":438,"column":55}},"438":{"start":{"line":439,"column":0},"end":{"line":439,"column":35}},"439":{"start":{"line":440,"column":0},"end":{"line":440,"column":47}},"440":{"start":{"line":441,"column":0},"end":{"line":441,"column":47}},"441":{"start":{"line":442,"column":0},"end":{"line":442,"column":49}},"442":{"start":{"line":443,"column":0},"end":{"line":443,"column":57}},"443":{"start":{"line":444,"column":0},"end":{"line":444,"column":65}},"444":{"start":{"line":445,"column":0},"end":{"line":445,"column":65}},"445":{"start":{"line":446,"column":0},"end":{"line":446,"column":78}},"446":{"start":{"line":447,"column":0},"end":{"line":447,"column":39}},"447":{"start":{"line":448,"column":0},"end":{"line":448,"column":97}},"448":{"start":{"line":449,"column":0},"end":{"line":449,"column":98}},"449":{"start":{"line":450,"column":0},"end":{"line":450,"column":53}},"450":{"start":{"line":451,"column":0},"end":{"line":451,"column":100}},"451":{"start":{"line":452,"column":0},"end":{"line":452,"column":127}},"452":{"start":{"line":453,"column":0},"end":{"line":453,"column":53}},"453":{"start":{"line":454,"column":0},"end":{"line":454,"column":90}},"454":{"start":{"line":455,"column":0},"end":{"line":455,"column":135}},"455":{"start":{"line":456,"column":0},"end":{"line":456,"column":53}},"456":{"start":{"line":457,"column":0},"end":{"line":457,"column":42}},"457":{"start":{"line":458,"column":0},"end":{"line":458,"column":0}},"458":{"start":{"line":459,"column":0},"end":{"line":459,"column":47}},"459":{"start":{"line":460,"column":0},"end":{"line":460,"column":47}},"460":{"start":{"line":461,"column":0},"end":{"line":461,"column":49}},"461":{"start":{"line":462,"column":0},"end":{"line":462,"column":57}},"462":{"start":{"line":463,"column":0},"end":{"line":463,"column":65}},"463":{"start":{"line":464,"column":0},"end":{"line":464,"column":65}},"464":{"start":{"line":465,"column":0},"end":{"line":465,"column":78}},"465":{"start":{"line":466,"column":0},"end":{"line":466,"column":39}},"466":{"start":{"line":467,"column":0},"end":{"line":467,"column":97}},"467":{"start":{"line":468,"column":0},"end":{"line":468,"column":98}},"468":{"start":{"line":469,"column":0},"end":{"line":469,"column":53}},"469":{"start":{"line":470,"column":0},"end":{"line":470,"column":100}},"470":{"start":{"line":471,"column":0},"end":{"line":471,"column":127}},"471":{"start":{"line":472,"column":0},"end":{"line":472,"column":53}},"472":{"start":{"line":473,"column":0},"end":{"line":473,"column":90}},"473":{"start":{"line":474,"column":0},"end":{"line":474,"column":135}},"474":{"start":{"line":475,"column":0},"end":{"line":475,"column":53}},"475":{"start":{"line":476,"column":0},"end":{"line":476,"column":42}},"476":{"start":{"line":477,"column":0},"end":{"line":477,"column":0}},"477":{"start":{"line":478,"column":0},"end":{"line":478,"column":48}},"478":{"start":{"line":479,"column":0},"end":{"line":479,"column":47}},"479":{"start":{"line":480,"column":0},"end":{"line":480,"column":49}},"480":{"start":{"line":481,"column":0},"end":{"line":481,"column":57}},"481":{"start":{"line":482,"column":0},"end":{"line":482,"column":65}},"482":{"start":{"line":483,"column":0},"end":{"line":483,"column":65}},"483":{"start":{"line":484,"column":0},"end":{"line":484,"column":78}},"484":{"start":{"line":485,"column":0},"end":{"line":485,"column":39}},"485":{"start":{"line":486,"column":0},"end":{"line":486,"column":97}},"486":{"start":{"line":487,"column":0},"end":{"line":487,"column":46}},"487":{"start":{"line":488,"column":0},"end":{"line":488,"column":53}},"488":{"start":{"line":489,"column":0},"end":{"line":489,"column":100}},"489":{"start":{"line":490,"column":0},"end":{"line":490,"column":208}},"490":{"start":{"line":491,"column":0},"end":{"line":491,"column":53}},"491":{"start":{"line":492,"column":0},"end":{"line":492,"column":90}},"492":{"start":{"line":493,"column":0},"end":{"line":493,"column":212}},"493":{"start":{"line":494,"column":0},"end":{"line":494,"column":53}},"494":{"start":{"line":495,"column":0},"end":{"line":495,"column":42}},"495":{"start":{"line":496,"column":0},"end":{"line":496,"column":38}},"496":{"start":{"line":497,"column":0},"end":{"line":497,"column":34}},"497":{"start":{"line":498,"column":0},"end":{"line":498,"column":26}},"498":{"start":{"line":499,"column":0},"end":{"line":499,"column":0}},"499":{"start":{"line":500,"column":0},"end":{"line":500,"column":44}},"500":{"start":{"line":501,"column":0},"end":{"line":501,"column":57}},"501":{"start":{"line":502,"column":0},"end":{"line":502,"column":57}},"502":{"start":{"line":503,"column":0},"end":{"line":503,"column":39}},"503":{"start":{"line":504,"column":0},"end":{"line":504,"column":55}},"504":{"start":{"line":505,"column":0},"end":{"line":505,"column":65}},"505":{"start":{"line":506,"column":0},"end":{"line":506,"column":48}},"506":{"start":{"line":507,"column":0},"end":{"line":507,"column":54}},"507":{"start":{"line":508,"column":0},"end":{"line":508,"column":33}},"508":{"start":{"line":509,"column":0},"end":{"line":509,"column":81}},"509":{"start":{"line":510,"column":0},"end":{"line":510,"column":52}},"510":{"start":{"line":511,"column":0},"end":{"line":511,"column":49}},"511":{"start":{"line":512,"column":0},"end":{"line":512,"column":84}},"512":{"start":{"line":513,"column":0},"end":{"line":513,"column":79}},"513":{"start":{"line":514,"column":0},"end":{"line":514,"column":72}},"514":{"start":{"line":515,"column":0},"end":{"line":515,"column":43}},"515":{"start":{"line":516,"column":0},"end":{"line":516,"column":41}},"516":{"start":{"line":517,"column":0},"end":{"line":517,"column":40}},"517":{"start":{"line":518,"column":0},"end":{"line":518,"column":50}},"518":{"start":{"line":519,"column":0},"end":{"line":519,"column":36}},"519":{"start":{"line":520,"column":0},"end":{"line":520,"column":55}},"520":{"start":{"line":521,"column":0},"end":{"line":521,"column":59}},"521":{"start":{"line":522,"column":0},"end":{"line":522,"column":49}},"522":{"start":{"line":523,"column":0},"end":{"line":523,"column":54}},"523":{"start":{"line":524,"column":0},"end":{"line":524,"column":41}},"524":{"start":{"line":525,"column":0},"end":{"line":525,"column":64}},"525":{"start":{"line":526,"column":0},"end":{"line":526,"column":70}},"526":{"start":{"line":527,"column":0},"end":{"line":527,"column":56}},"527":{"start":{"line":528,"column":0},"end":{"line":528,"column":60}},"528":{"start":{"line":529,"column":0},"end":{"line":529,"column":61}},"529":{"start":{"line":530,"column":0},"end":{"line":530,"column":38}},"530":{"start":{"line":531,"column":0},"end":{"line":531,"column":33}},"531":{"start":{"line":532,"column":0},"end":{"line":532,"column":47}},"532":{"start":{"line":533,"column":0},"end":{"line":533,"column":57}},"533":{"start":{"line":534,"column":0},"end":{"line":534,"column":83}},"534":{"start":{"line":535,"column":0},"end":{"line":535,"column":47}},"535":{"start":{"line":536,"column":0},"end":{"line":536,"column":61}},"536":{"start":{"line":537,"column":0},"end":{"line":537,"column":59}},"537":{"start":{"line":538,"column":0},"end":{"line":538,"column":39}},"538":{"start":{"line":539,"column":0},"end":{"line":539,"column":62}},"539":{"start":{"line":540,"column":0},"end":{"line":540,"column":94}},"540":{"start":{"line":541,"column":0},"end":{"line":541,"column":54}},"541":{"start":{"line":542,"column":0},"end":{"line":542,"column":57}},"542":{"start":{"line":543,"column":0},"end":{"line":543,"column":87}},"543":{"start":{"line":544,"column":0},"end":{"line":544,"column":96}},"544":{"start":{"line":545,"column":0},"end":{"line":545,"column":57}},"545":{"start":{"line":546,"column":0},"end":{"line":546,"column":46}},"546":{"start":{"line":547,"column":0},"end":{"line":547,"column":62}},"547":{"start":{"line":548,"column":0},"end":{"line":548,"column":94}},"548":{"start":{"line":549,"column":0},"end":{"line":549,"column":54}},"549":{"start":{"line":550,"column":0},"end":{"line":550,"column":57}},"550":{"start":{"line":551,"column":0},"end":{"line":551,"column":69}},"551":{"start":{"line":552,"column":0},"end":{"line":552,"column":101}},"552":{"start":{"line":553,"column":0},"end":{"line":553,"column":57}},"553":{"start":{"line":554,"column":0},"end":{"line":554,"column":94}},"554":{"start":{"line":555,"column":0},"end":{"line":555,"column":101}},"555":{"start":{"line":556,"column":0},"end":{"line":556,"column":57}},"556":{"start":{"line":557,"column":0},"end":{"line":557,"column":46}},"557":{"start":{"line":558,"column":0},"end":{"line":558,"column":62}},"558":{"start":{"line":559,"column":0},"end":{"line":559,"column":94}},"559":{"start":{"line":560,"column":0},"end":{"line":560,"column":55}},"560":{"start":{"line":561,"column":0},"end":{"line":561,"column":57}},"561":{"start":{"line":562,"column":0},"end":{"line":562,"column":69}},"562":{"start":{"line":563,"column":0},"end":{"line":563,"column":95}},"563":{"start":{"line":564,"column":0},"end":{"line":564,"column":57}},"564":{"start":{"line":565,"column":0},"end":{"line":565,"column":94}},"565":{"start":{"line":566,"column":0},"end":{"line":566,"column":138}},"566":{"start":{"line":567,"column":0},"end":{"line":567,"column":57}},"567":{"start":{"line":568,"column":0},"end":{"line":568,"column":46}},"568":{"start":{"line":569,"column":0},"end":{"line":569,"column":42}},"569":{"start":{"line":570,"column":0},"end":{"line":570,"column":38}},"570":{"start":{"line":571,"column":0},"end":{"line":571,"column":33}},"571":{"start":{"line":572,"column":0},"end":{"line":572,"column":39}},"572":{"start":{"line":573,"column":0},"end":{"line":573,"column":52}},"573":{"start":{"line":574,"column":0},"end":{"line":574,"column":65}},"574":{"start":{"line":575,"column":0},"end":{"line":575,"column":49}},"575":{"start":{"line":576,"column":0},"end":{"line":576,"column":54}},"576":{"start":{"line":577,"column":0},"end":{"line":577,"column":33}},"577":{"start":{"line":578,"column":0},"end":{"line":578,"column":55}},"578":{"start":{"line":579,"column":0},"end":{"line":579,"column":40}},"579":{"start":{"line":580,"column":0},"end":{"line":580,"column":29}},"580":{"start":{"line":581,"column":0},"end":{"line":581,"column":26}},"581":{"start":{"line":582,"column":0},"end":{"line":582,"column":32}},"582":{"start":{"line":583,"column":0},"end":{"line":583,"column":22}},"583":{"start":{"line":584,"column":0},"end":{"line":584,"column":0}},"584":{"start":{"line":585,"column":0},"end":{"line":585,"column":32}},"585":{"start":{"line":586,"column":0},"end":{"line":586,"column":26}},"586":{"start":{"line":587,"column":0},"end":{"line":587,"column":39}},"587":{"start":{"line":588,"column":0},"end":{"line":588,"column":37}},"588":{"start":{"line":589,"column":0},"end":{"line":589,"column":40}},"589":{"start":{"line":590,"column":0},"end":{"line":590,"column":33}},"590":{"start":{"line":591,"column":0},"end":{"line":591,"column":33}},"591":{"start":{"line":592,"column":0},"end":{"line":592,"column":25}},"592":{"start":{"line":593,"column":0},"end":{"line":593,"column":32}},"593":{"start":{"line":594,"column":0},"end":{"line":594,"column":45}},"594":{"start":{"line":595,"column":0},"end":{"line":595,"column":45}},"595":{"start":{"line":596,"column":0},"end":{"line":596,"column":38}},"596":{"start":{"line":597,"column":0},"end":{"line":597,"column":40}},"597":{"start":{"line":598,"column":0},"end":{"line":598,"column":49}},"598":{"start":{"line":599,"column":0},"end":{"line":599,"column":49}},"599":{"start":{"line":600,"column":0},"end":{"line":600,"column":36}},"600":{"start":{"line":601,"column":0},"end":{"line":601,"column":44}},"601":{"start":{"line":602,"column":0},"end":{"line":602,"column":26}},"602":{"start":{"line":603,"column":0},"end":{"line":603,"column":22}},"603":{"start":{"line":604,"column":0},"end":{"line":604,"column":17}},"604":{"start":{"line":605,"column":0},"end":{"line":605,"column":24}},"605":{"start":{"line":606,"column":0},"end":{"line":606,"column":29}},"606":{"start":{"line":607,"column":0},"end":{"line":607,"column":42}},"607":{"start":{"line":608,"column":0},"end":{"line":608,"column":67}},"608":{"start":{"line":609,"column":0},"end":{"line":609,"column":26}},"609":{"start":{"line":610,"column":0},"end":{"line":610,"column":21}},"610":{"start":{"line":611,"column":0},"end":{"line":611,"column":65}},"611":{"start":{"line":612,"column":0},"end":{"line":612,"column":45}},"612":{"start":{"line":613,"column":0},"end":{"line":613,"column":54}},"613":{"start":{"line":614,"column":0},"end":{"line":614,"column":59}},"614":{"start":{"line":615,"column":0},"end":{"line":615,"column":67}},"615":{"start":{"line":616,"column":0},"end":{"line":616,"column":30}},"616":{"start":{"line":617,"column":0},"end":{"line":617,"column":67}},"617":{"start":{"line":618,"column":0},"end":{"line":618,"column":43}},"618":{"start":{"line":619,"column":0},"end":{"line":619,"column":62}},"619":{"start":{"line":620,"column":0},"end":{"line":620,"column":76}},"620":{"start":{"line":621,"column":0},"end":{"line":621,"column":62}},"621":{"start":{"line":622,"column":0},"end":{"line":622,"column":68}},"622":{"start":{"line":623,"column":0},"end":{"line":623,"column":68}},"623":{"start":{"line":624,"column":0},"end":{"line":624,"column":70}},"624":{"start":{"line":625,"column":0},"end":{"line":625,"column":74}},"625":{"start":{"line":626,"column":0},"end":{"line":626,"column":44}},"626":{"start":{"line":627,"column":0},"end":{"line":627,"column":30}},"627":{"start":{"line":628,"column":0},"end":{"line":628,"column":29}},"628":{"start":{"line":629,"column":0},"end":{"line":629,"column":50}},"629":{"start":{"line":630,"column":0},"end":{"line":630,"column":66}},"630":{"start":{"line":631,"column":0},"end":{"line":631,"column":66}},"631":{"start":{"line":632,"column":0},"end":{"line":632,"column":30}},"632":{"start":{"line":633,"column":0},"end":{"line":633,"column":26}},"633":{"start":{"line":634,"column":0},"end":{"line":634,"column":26}},"634":{"start":{"line":635,"column":0},"end":{"line":635,"column":28}},"635":{"start":{"line":636,"column":0},"end":{"line":636,"column":0}},"636":{"start":{"line":637,"column":0},"end":{"line":637,"column":31}},"637":{"start":{"line":638,"column":0},"end":{"line":638,"column":22}},"638":{"start":{"line":639,"column":0},"end":{"line":639,"column":68}},"639":{"start":{"line":640,"column":0},"end":{"line":640,"column":37}},"640":{"start":{"line":641,"column":0},"end":{"line":641,"column":28}},"641":{"start":{"line":642,"column":0},"end":{"line":642,"column":25}},"642":{"start":{"line":643,"column":0},"end":{"line":643,"column":42}},"643":{"start":{"line":644,"column":0},"end":{"line":644,"column":51}},"644":{"start":{"line":645,"column":0},"end":{"line":645,"column":50}},"645":{"start":{"line":646,"column":0},"end":{"line":646,"column":37}},"646":{"start":{"line":647,"column":0},"end":{"line":647,"column":22}},"647":{"start":{"line":648,"column":0},"end":{"line":648,"column":17}},"648":{"start":{"line":649,"column":0},"end":{"line":649,"column":24}},"649":{"start":{"line":650,"column":0},"end":{"line":650,"column":39}},"650":{"start":{"line":651,"column":0},"end":{"line":651,"column":101}},"651":{"start":{"line":652,"column":0},"end":{"line":652,"column":51}},"652":{"start":{"line":653,"column":0},"end":{"line":653,"column":45}},"653":{"start":{"line":654,"column":0},"end":{"line":654,"column":21}},"654":{"start":{"line":655,"column":0},"end":{"line":655,"column":58}},"655":{"start":{"line":656,"column":0},"end":{"line":656,"column":26}},"656":{"start":{"line":657,"column":0},"end":{"line":657,"column":24}},"657":{"start":{"line":658,"column":0},"end":{"line":658,"column":0}},"658":{"start":{"line":659,"column":0},"end":{"line":659,"column":30}},"659":{"start":{"line":660,"column":0},"end":{"line":660,"column":35}},"660":{"start":{"line":661,"column":0},"end":{"line":661,"column":38}},"661":{"start":{"line":662,"column":0},"end":{"line":662,"column":48}},"662":{"start":{"line":663,"column":0},"end":{"line":663,"column":60}},"663":{"start":{"line":664,"column":0},"end":{"line":664,"column":56}},"664":{"start":{"line":665,"column":0},"end":{"line":665,"column":78}},"665":{"start":{"line":666,"column":0},"end":{"line":666,"column":68}},"666":{"start":{"line":667,"column":0},"end":{"line":667,"column":64}},"667":{"start":{"line":668,"column":0},"end":{"line":668,"column":18}},"668":{"start":{"line":669,"column":0},"end":{"line":669,"column":16}},"669":{"start":{"line":670,"column":0},"end":{"line":670,"column":43}},"670":{"start":{"line":671,"column":0},"end":{"line":671,"column":70}},"671":{"start":{"line":672,"column":0},"end":{"line":672,"column":18}},"672":{"start":{"line":673,"column":0},"end":{"line":673,"column":24}},"673":{"start":{"line":674,"column":0},"end":{"line":674,"column":6}},"674":{"start":{"line":675,"column":0},"end":{"line":675,"column":1}},"675":{"start":{"line":676,"column":0},"end":{"line":676,"column":0}},"676":{"start":{"line":677,"column":0},"end":{"line":677,"column":19}}},"s":{"0":0,"1":0,"2":0,"3":0,"4":0,"5":0,"6":0,"7":0,"8":0,"9":0,"10":0,"11":0,"12":0,"13":0,"14":0,"15":0,"16":0,"17":0,"18":0,"19":0,"20":0,"21":0,"22":0,"23":0,"24":0,"25":0,"26":0,"27":0,"28":0,"29":0,"30":0,"31":0,"32":0,"33":0,"34":0,"35":0,"36":0,"37":0,"38":0,"39":0,"40":0,"41":0,"42":0,"43":0,"44":0,"45":0,"46":0,"47":0,"48":0,"49":0,"50":0,"51":0,"52":0,"53":0,"54":0,"55":0,"56":0,"57":0,"58":0,"59":0,"60":0,"61":0,"62":0,"63":0,"64":0,"65":0,"66":0,"67":0,"68":0,"69":0,"70":0,"71":0,"72":0,"73":0,"74":0,"75":0,"76":0,"77":0,"78":0,"79":0,"80":0,"81":0,"82":0,"83":0,"84":0,"85":0,"86":0,"87":0,"88":0,"89":0,"90":0,"91":0,"92":0,"93":0,"94":0,"95":0,"96":0,"97":0,"98":0,"99":0,"100":0,"101":0,"102":0,"103":0,"104":0,"105":0,"106":0,"107":0,"108":0,"109":0,"110":0,"111":0,"112":0,"113":0,"114":0,"115":0,"116":0,"117":0,"118":0,"119":0,"120":0,"121":0,"122":0,"123":0,"124":0,"125":0,"126":0,"127":0,"128":0,"129":0,"130":0,"131":0,"132":0,"133":0,"134":0,"135":0,"136":0,"137":0,"138":0,"139":0,"140":0,"141":0,"142":0,"143":0,"144":0,"145":0,"146":0,"147":0,"148":0,"149":0,"150":0,"151":0,"152":0,"153":0,"154":0,"155":0,"156":0,"157":0,"158":0,"159":0,"160":0,"161":0,"162":0,"163":0,"164":0,"165":0,"166":0,"167":0,"168":0,"169":0,"170":0,"171":0,"172":0,"173":0,"174":0,"175":0,"176":0,"177":0,"178":0,"179":0,"180":0,"181":0,"182":0,"183":0,"184":0,"185":0,"186":0,"187":0,"188":0,"189":0,"190":0,"191":0,"192":0,"193":0,"194":0,"195":0,"196":0,"197":0,"198":0,"199":0,"200":0,"201":0,"202":0,"203":0,"204":0,"205":0,"206":0,"207":0,"208":0,"209":0,"210":0,"211":0,"212":0,"213":0,"214":0,"215":0,"216":0,"217":0,"218":0,"219":0,"220":0,"221":0,"222":0,"223":0,"224":0,"225":0,"226":0,"227":0,"228":0,"229":0,"230":0,"231":0,"232":0,"233":0,"234":0,"235":0,"236":0,"237":0,"238":0,"239":0,"240":0,"241":0,"242":0,"243":0,"244":0,"245":0,"246":0,"247":0,"248":0,"249":0,"250":0,"251":0,"252":0,"253":0,"254":0,"255":0,"256":0,"257":0,"258":0,"259":0,"260":0,"261":0,"262":0,"263":0,"264":0,"265":0,"266":0,"267":0,"268":0,"269":0,"270":0,"271":0,"272":0,"273":0,"274":0,"275":0,"276":0,"277":0,"278":0,"279":0,"280":0,"281":0,"282":0,"283":0,"284":0,"285":0,"286":0,"287":0,"288":0,"289":0,"290":0,"291":0,"292":0,"293":0,"294":0,"295":0,"296":0,"297":0,"298":0,"299":0,"300":0,"301":0,"302":0,"303":0,"304":0,"305":0,"306":0,"307":0,"308":0,"309":0,"310":0,"311":0,"312":0,"313":0,"314":0,"315":0,"316":0,"317":0,"318":0,"319":0,"320":0,"321":0,"322":0,"323":0,"324":0,"325":0,"326":0,"327":0,"328":0,"329":0,"330":0,"331":0,"332":0,"333":0,"334":0,"335":0,"336":0,"337":0,"338":0,"339":0,"340":0,"341":0,"342":0,"343":0,"344":0,"345":0,"346":0,"347":0,"348":0,"349":0,"350":0,"351":0,"352":0,"353":0,"354":0,"355":0,"356":0,"357":0,"358":0,"359":0,"360":0,"361":0,"362":0,"363":0,"364":0,"365":0,"366":0,"367":0,"368":0,"369":0,"370":0,"371":0,"372":0,"373":0,"374":0,"375":0,"376":0,"377":0,"378":0,"379":0,"380":0,"381":0,"382":0,"383":0,"384":0,"385":0,"386":0,"387":0,"388":0,"389":0,"390":0,"391":0,"392":0,"393":0,"394":0,"395":0,"396":0,"397":0,"398":0,"399":0,"400":0,"401":0,"402":0,"403":0,"404":0,"405":0,"406":0,"407":0,"408":0,"409":0,"410":0,"411":0,"412":0,"413":0,"414":0,"415":0,"416":0,"417":0,"418":0,"419":0,"420":0,"421":0,"422":0,"423":0,"424":0,"425":0,"426":0,"427":0,"428":0,"429":0,"430":0,"431":0,"432":0,"433":0,"434":0,"435":0,"436":0,"437":0,"438":0,"439":0,"440":0,"441":0,"442":0,"443":0,"444":0,"445":0,"446":0,"447":0,"448":0,"449":0,"450":0,"451":0,"452":0,"453":0,"454":0,"455":0,"456":0,"457":0,"458":0,"459":0,"460":0,"461":0,"462":0,"463":0,"464":0,"465":0,"466":0,"467":0,"468":0,"469":0,"470":0,"471":0,"472":0,"473":0,"474":0,"475":0,"476":0,"477":0,"478":0,"479":0,"480":0,"481":0,"482":0,"483":0,"484":0,"485":0,"486":0,"487":0,"488":0,"489":0,"490":0,"491":0,"492":0,"493":0,"494":0,"495":0,"496":0,"497":0,"498":0,"499":0,"500":0,"501":0,"502":0,"503":0,"504":0,"505":0,"506":0,"507":0,"508":0,"509":0,"510":0,"511":0,"512":0,"513":0,"514":0,"515":0,"516":0,"517":0,"518":0,"519":0,"520":0,"521":0,"522":0,"523":0,"524":0,"525":0,"526":0,"527":0,"528":0,"529":0,"530":0,"531":0,"532":0,"533":0,"534":0,"535":0,"536":0,"537":0,"538":0,"539":0,"540":0,"541":0,"542":0,"543":0,"544":0,"545":0,"546":0,"547":0,"548":0,"549":0,"550":0,"551":0,"552":0,"553":0,"554":0,"555":0,"556":0,"557":0,"558":0,"559":0,"560":0,"561":0,"562":0,"563":0,"564":0,"565":0,"566":0,"567":0,"568":0,"569":0,"570":0,"571":0,"572":0,"573":0,"574":0,"575":0,"576":0,"577":0,"578":0,"579":0,"580":0,"581":0,"582":0,"583":0,"584":0,"585":0,"586":0,"587":0,"588":0,"589":0,"590":0,"591":0,"592":0,"593":0,"594":0,"595":0,"596":0,"597":0,"598":0,"599":0,"600":0,"601":0,"602":0,"603":0,"604":0,"605":0,"606":0,"607":0,"608":0,"609":0,"610":0,"611":0,"612":0,"613":0,"614":0,"615":0,"616":0,"617":0,"618":0,"619":0,"620":0,"621":0,"622":0,"623":0,"624":0,"625":0,"626":0,"627":0,"628":0,"629":0,"630":0,"631":0,"632":0,"633":0,"634":0,"635":0,"636":0,"637":0,"638":0,"639":0,"640":0,"641":0,"642":0,"643":0,"644":0,"645":0,"646":0,"647":0,"648":0,"649":0,"650":0,"651":0,"652":0,"653":0,"654":0,"655":0,"656":0,"657":0,"658":0,"659":0,"660":0,"661":0,"662":0,"663":0,"664":0,"665":0,"666":0,"667":0,"668":0,"669":0,"670":0,"671":0,"672":0,"673":0,"674":0,"675":0,"676":0},"branchMap":{"0":{"type":"branch","line":1,"loc":{"start":{"line":1,"column":0},"end":{"line":677,"column":19}},"locations":[{"start":{"line":1,"column":0},"end":{"line":677,"column":19}}]}},"b":{"0":[0]},"fnMap":{"0":{"name":"(empty-report)","decl":{"start":{"line":1,"column":0},"end":{"line":677,"column":19}},"loc":{"start":{"line":1,"column":0},"end":{"line":677,"column":19}},"line":1}},"f":{"0":0}}
,"D:\\自己開発\\value-me\\src\\main.tsx": {"path":"D:\\自己開発\\value-me\\src\\main.tsx","all":true,"statementMap":{"0":{"start":{"line":1,"column":0},"end":{"line":1,"column":34}},"1":{"start":{"line":2,"column":0},"end":{"line":2,"column":45}},"2":{"start":{"line":3,"column":0},"end":{"line":3,"column":20}},"3":{"start":{"line":4,"column":0},"end":{"line":4,"column":27}},"4":{"start":{"line":5,"column":0},"end":{"line":5,"column":0}},"5":{"start":{"line":6,"column":0},"end":{"line":6,"column":52}},"6":{"start":{"line":7,"column":0},"end":{"line":7,"column":14}},"7":{"start":{"line":8,"column":0},"end":{"line":8,"column":11}},"8":{"start":{"line":9,"column":0},"end":{"line":9,"column":16}},"9":{"start":{"line":10,"column":0},"end":{"line":10,"column":1}}},"s":{"0":0,"1":0,"2":0,"3":0,"4":0,"5":0,"6":0,"7":0,"8":0,"9":0},"branchMap":{"0":{"type":"branch","line":1,"loc":{"start":{"line":1,"column":0},"end":{"line":10,"column":1}},"locations":[{"start":{"line":1,"column":0},"end":{"line":10,"column":1}}]}},"b":{"0":[0]},"fnMap":{"0":{"name":"(empty-report)","decl":{"start":{"line":1,"column":0},"end":{"line":10,"column":1}},"loc":{"start":{"line":1,"column":0},"end":{"line":10,"column":1}},"line":1}},"f":{"0":0}}
,"D:\\自己開発\\value-me\\src\\components\\BasicInputForm.tsx": {"path":"D:\\自己開発\\value-me\\src\\components\\BasicInputForm.tsx","all":true,"statementMap":{"0":{"start":{"line":1,"column":0},"end":{"line":1,"column":26}},"1":{"start":{"line":2,"column":0},"end":{"line":2,"column":8}},"2":{"start":{"line":3,"column":0},"end":{"line":3,"column":15}},"3":{"start":{"line":4,"column":0},"end":{"line":4,"column":17}},"4":{"start":{"line":5,"column":0},"end":{"line":5,"column":22}},"5":{"start":{"line":6,"column":0},"end":{"line":6,"column":11}},"6":{"start":{"line":7,"column":0},"end":{"line":7,"column":8}},"7":{"start":{"line":8,"column":0},"end":{"line":8,"column":13}},"8":{"start":{"line":9,"column":0},"end":{"line":9,"column":21}},"9":{"start":{"line":10,"column":0},"end":{"line":10,"column":23}},"10":{"start":{"line":11,"column":0},"end":{"line":11,"column":71}},"11":{"start":{"line":12,"column":0},"end":{"line":12,"column":42}},"12":{"start":{"line":13,"column":0},"end":{"line":13,"column":59}},"13":{"start":{"line":14,"column":0},"end":{"line":14,"column":46}},"14":{"start":{"line":15,"column":0},"end":{"line":15,"column":8}},"15":{"start":{"line":16,"column":0},"end":{"line":16,"column":19}},"16":{"start":{"line":17,"column":0},"end":{"line":17,"column":21}},"17":{"start":{"line":18,"column":0},"end":{"line":18,"column":25}},"18":{"start":{"line":19,"column":0},"end":{"line":19,"column":27}},"19":{"start":{"line":20,"column":0},"end":{"line":20,"column":29}},"20":{"start":{"line":21,"column":0},"end":{"line":21,"column":0}},"21":{"start":{"line":22,"column":0},"end":{"line":22,"column":31}},"22":{"start":{"line":23,"column":0},"end":{"line":23,"column":32}},"23":{"start":{"line":24,"column":0},"end":{"line":24,"column":52}},"24":{"start":{"line":25,"column":0},"end":{"line":25,"column":1}},"25":{"start":{"line":26,"column":0},"end":{"line":26,"column":0}},"26":{"start":{"line":27,"column":0},"end":{"line":27,"column":90}},"27":{"start":{"line":28,"column":0},"end":{"line":28,"column":64}},"28":{"start":{"line":29,"column":0},"end":{"line":29,"column":0}},"29":{"start":{"line":30,"column":0},"end":{"line":30,"column":58}},"30":{"start":{"line":31,"column":0},"end":{"line":31,"column":58}},"31":{"start":{"line":32,"column":0},"end":{"line":32,"column":20}},"32":{"start":{"line":33,"column":0},"end":{"line":33,"column":17}},"33":{"start":{"line":34,"column":0},"end":{"line":34,"column":39}},"34":{"start":{"line":35,"column":0},"end":{"line":35,"column":56}},"35":{"start":{"line":36,"column":0},"end":{"line":36,"column":56}},"36":{"start":{"line":37,"column":0},"end":{"line":37,"column":18}},"37":{"start":{"line":38,"column":0},"end":{"line":38,"column":17}},"38":{"start":{"line":39,"column":0},"end":{"line":39,"column":40}},"39":{"start":{"line":40,"column":0},"end":{"line":40,"column":68}},"40":{"start":{"line":41,"column":0},"end":{"line":41,"column":51}},"41":{"start":{"line":42,"column":0},"end":{"line":42,"column":18}},"42":{"start":{"line":43,"column":0},"end":{"line":43,"column":17}},"43":{"start":{"line":44,"column":0},"end":{"line":44,"column":41}},"44":{"start":{"line":45,"column":0},"end":{"line":45,"column":59}},"45":{"start":{"line":46,"column":0},"end":{"line":46,"column":48}},"46":{"start":{"line":47,"column":0},"end":{"line":47,"column":18}},"47":{"start":{"line":48,"column":0},"end":{"line":48,"column":17}},"48":{"start":{"line":49,"column":0},"end":{"line":49,"column":42}},"49":{"start":{"line":50,"column":0},"end":{"line":50,"column":67}},"50":{"start":{"line":51,"column":0},"end":{"line":51,"column":43}},"51":{"start":{"line":52,"column":0},"end":{"line":52,"column":18}},"52":{"start":{"line":53,"column":0},"end":{"line":53,"column":14}},"53":{"start":{"line":54,"column":0},"end":{"line":54,"column":16}},"54":{"start":{"line":55,"column":0},"end":{"line":55,"column":30}},"55":{"start":{"line":56,"column":0},"end":{"line":56,"column":20}},"56":{"start":{"line":57,"column":0},"end":{"line":57,"column":17}},"57":{"start":{"line":58,"column":0},"end":{"line":58,"column":39}},"58":{"start":{"line":59,"column":0},"end":{"line":59,"column":29}},"59":{"start":{"line":60,"column":0},"end":{"line":60,"column":39}},"60":{"start":{"line":61,"column":0},"end":{"line":61,"column":18}},"61":{"start":{"line":62,"column":0},"end":{"line":62,"column":17}},"62":{"start":{"line":63,"column":0},"end":{"line":63,"column":40}},"63":{"start":{"line":64,"column":0},"end":{"line":64,"column":30}},"64":{"start":{"line":65,"column":0},"end":{"line":65,"column":39}},"65":{"start":{"line":66,"column":0},"end":{"line":66,"column":18}},"66":{"start":{"line":67,"column":0},"end":{"line":67,"column":17}},"67":{"start":{"line":68,"column":0},"end":{"line":68,"column":41}},"68":{"start":{"line":69,"column":0},"end":{"line":69,"column":30}},"69":{"start":{"line":70,"column":0},"end":{"line":70,"column":39}},"70":{"start":{"line":71,"column":0},"end":{"line":71,"column":18}},"71":{"start":{"line":72,"column":0},"end":{"line":72,"column":17}},"72":{"start":{"line":73,"column":0},"end":{"line":73,"column":42}},"73":{"start":{"line":74,"column":0},"end":{"line":74,"column":30}},"74":{"start":{"line":75,"column":0},"end":{"line":75,"column":39}},"75":{"start":{"line":76,"column":0},"end":{"line":76,"column":18}},"76":{"start":{"line":77,"column":0},"end":{"line":77,"column":14}},"77":{"start":{"line":78,"column":0},"end":{"line":78,"column":9}},"78":{"start":{"line":79,"column":0},"end":{"line":79,"column":6}},"79":{"start":{"line":80,"column":0},"end":{"line":80,"column":0}},"80":{"start":{"line":81,"column":0},"end":{"line":81,"column":51}},"81":{"start":{"line":82,"column":0},"end":{"line":82,"column":0}},"82":{"start":{"line":83,"column":0},"end":{"line":83,"column":18}},"83":{"start":{"line":84,"column":0},"end":{"line":84,"column":42}},"84":{"start":{"line":85,"column":0},"end":{"line":85,"column":40}},"85":{"start":{"line":86,"column":0},"end":{"line":86,"column":0}},"86":{"start":{"line":87,"column":0},"end":{"line":87,"column":38}},"87":{"start":{"line":88,"column":0},"end":{"line":88,"column":28}},"88":{"start":{"line":89,"column":0},"end":{"line":89,"column":77}},"89":{"start":{"line":90,"column":0},"end":{"line":90,"column":35}},"90":{"start":{"line":91,"column":0},"end":{"line":91,"column":13}},"91":{"start":{"line":92,"column":0},"end":{"line":92,"column":46}},"92":{"start":{"line":93,"column":0},"end":{"line":93,"column":40}},"93":{"start":{"line":94,"column":0},"end":{"line":94,"column":13}},"94":{"start":{"line":95,"column":0},"end":{"line":95,"column":28}},"95":{"start":{"line":96,"column":0},"end":{"line":96,"column":9}},"96":{"start":{"line":97,"column":0},"end":{"line":97,"column":0}},"97":{"start":{"line":98,"column":0},"end":{"line":98,"column":24}},"98":{"start":{"line":99,"column":0},"end":{"line":99,"column":23}},"99":{"start":{"line":100,"column":0},"end":{"line":100,"column":9}},"100":{"start":{"line":101,"column":0},"end":{"line":101,"column":0}},"101":{"start":{"line":102,"column":0},"end":{"line":102,"column":34}},"102":{"start":{"line":103,"column":0},"end":{"line":103,"column":32}},"103":{"start":{"line":104,"column":0},"end":{"line":104,"column":77}},"104":{"start":{"line":105,"column":0},"end":{"line":105,"column":40}},"105":{"start":{"line":106,"column":0},"end":{"line":106,"column":13}},"106":{"start":{"line":107,"column":0},"end":{"line":107,"column":46}},"107":{"start":{"line":108,"column":0},"end":{"line":108,"column":45}},"108":{"start":{"line":109,"column":0},"end":{"line":109,"column":13}},"109":{"start":{"line":110,"column":0},"end":{"line":110,"column":33}},"110":{"start":{"line":111,"column":0},"end":{"line":111,"column":9}},"111":{"start":{"line":112,"column":0},"end":{"line":112,"column":0}},"112":{"start":{"line":113,"column":0},"end":{"line":113,"column":37}},"113":{"start":{"line":114,"column":0},"end":{"line":114,"column":21}},"114":{"start":{"line":115,"column":0},"end":{"line":115,"column":6}},"115":{"start":{"line":116,"column":0},"end":{"line":116,"column":0}},"116":{"start":{"line":117,"column":0},"end":{"line":117,"column":36}},"117":{"start":{"line":118,"column":0},"end":{"line":118,"column":41}},"118":{"start":{"line":119,"column":0},"end":{"line":119,"column":50}},"119":{"start":{"line":120,"column":0},"end":{"line":120,"column":10}},"120":{"start":{"line":121,"column":0},"end":{"line":121,"column":28}},"121":{"start":{"line":122,"column":0},"end":{"line":122,"column":61}},"122":{"start":{"line":123,"column":0},"end":{"line":123,"column":9}},"123":{"start":{"line":124,"column":0},"end":{"line":124,"column":6}},"124":{"start":{"line":125,"column":0},"end":{"line":125,"column":0}},"125":{"start":{"line":126,"column":0},"end":{"line":126,"column":42}},"126":{"start":{"line":127,"column":0},"end":{"line":127,"column":41}},"127":{"start":{"line":128,"column":0},"end":{"line":128,"column":54}},"128":{"start":{"line":129,"column":0},"end":{"line":129,"column":10}},"129":{"start":{"line":130,"column":0},"end":{"line":130,"column":22}},"130":{"start":{"line":131,"column":0},"end":{"line":131,"column":28}},"131":{"start":{"line":132,"column":0},"end":{"line":132,"column":56}},"132":{"start":{"line":133,"column":0},"end":{"line":133,"column":0}},"133":{"start":{"line":134,"column":0},"end":{"line":134,"column":76}},"134":{"start":{"line":135,"column":0},"end":{"line":135,"column":72}},"135":{"start":{"line":136,"column":0},"end":{"line":136,"column":23}},"136":{"start":{"line":137,"column":0},"end":{"line":137,"column":52}},"137":{"start":{"line":138,"column":0},"end":{"line":138,"column":37}},"138":{"start":{"line":139,"column":0},"end":{"line":139,"column":15}},"139":{"start":{"line":140,"column":0},"end":{"line":140,"column":74}},"140":{"start":{"line":141,"column":0},"end":{"line":141,"column":23}},"141":{"start":{"line":142,"column":0},"end":{"line":142,"column":53}},"142":{"start":{"line":143,"column":0},"end":{"line":143,"column":35}},"143":{"start":{"line":144,"column":0},"end":{"line":144,"column":15}},"144":{"start":{"line":145,"column":0},"end":{"line":145,"column":60}},"145":{"start":{"line":146,"column":0},"end":{"line":146,"column":23}},"146":{"start":{"line":147,"column":0},"end":{"line":147,"column":53}},"147":{"start":{"line":148,"column":0},"end":{"line":148,"column":37}},"148":{"start":{"line":149,"column":0},"end":{"line":149,"column":15}},"149":{"start":{"line":150,"column":0},"end":{"line":150,"column":74}},"150":{"start":{"line":151,"column":0},"end":{"line":151,"column":23}},"151":{"start":{"line":152,"column":0},"end":{"line":152,"column":54}},"152":{"start":{"line":153,"column":0},"end":{"line":153,"column":35}},"153":{"start":{"line":154,"column":0},"end":{"line":154,"column":15}},"154":{"start":{"line":155,"column":0},"end":{"line":155,"column":61}},"155":{"start":{"line":156,"column":0},"end":{"line":156,"column":23}},"156":{"start":{"line":157,"column":0},"end":{"line":157,"column":54}},"157":{"start":{"line":158,"column":0},"end":{"line":158,"column":36}},"158":{"start":{"line":159,"column":0},"end":{"line":159,"column":15}},"159":{"start":{"line":160,"column":0},"end":{"line":160,"column":62}},"160":{"start":{"line":161,"column":0},"end":{"line":161,"column":13}},"161":{"start":{"line":162,"column":0},"end":{"line":162,"column":0}},"162":{"start":{"line":163,"column":0},"end":{"line":163,"column":22}},"163":{"start":{"line":164,"column":0},"end":{"line":164,"column":24}},"164":{"start":{"line":165,"column":0},"end":{"line":165,"column":42}},"165":{"start":{"line":166,"column":0},"end":{"line":166,"column":86}},"166":{"start":{"line":167,"column":0},"end":{"line":167,"column":15}},"167":{"start":{"line":168,"column":0},"end":{"line":168,"column":9}},"168":{"start":{"line":169,"column":0},"end":{"line":169,"column":6}},"169":{"start":{"line":170,"column":0},"end":{"line":170,"column":0}},"170":{"start":{"line":171,"column":0},"end":{"line":171,"column":18}},"171":{"start":{"line":172,"column":0},"end":{"line":172,"column":42}},"172":{"start":{"line":173,"column":0},"end":{"line":173,"column":40}},"173":{"start":{"line":174,"column":0},"end":{"line":174,"column":26}},"174":{"start":{"line":175,"column":0},"end":{"line":175,"column":46}},"175":{"start":{"line":176,"column":0},"end":{"line":176,"column":27}},"176":{"start":{"line":177,"column":0},"end":{"line":177,"column":46}},"177":{"start":{"line":178,"column":0},"end":{"line":178,"column":20}},"178":{"start":{"line":179,"column":0},"end":{"line":179,"column":46}},"179":{"start":{"line":180,"column":0},"end":{"line":180,"column":9}},"180":{"start":{"line":181,"column":0},"end":{"line":181,"column":6}},"181":{"start":{"line":182,"column":0},"end":{"line":182,"column":0}},"182":{"start":{"line":183,"column":0},"end":{"line":183,"column":27}},"183":{"start":{"line":184,"column":0},"end":{"line":184,"column":40}},"184":{"start":{"line":185,"column":0},"end":{"line":185,"column":40}},"185":{"start":{"line":186,"column":0},"end":{"line":186,"column":26}},"186":{"start":{"line":187,"column":0},"end":{"line":187,"column":62}},"187":{"start":{"line":188,"column":0},"end":{"line":188,"column":27}},"188":{"start":{"line":189,"column":0},"end":{"line":189,"column":64}},"189":{"start":{"line":190,"column":0},"end":{"line":190,"column":20}},"190":{"start":{"line":191,"column":0},"end":{"line":191,"column":46}},"191":{"start":{"line":192,"column":0},"end":{"line":192,"column":9}},"192":{"start":{"line":193,"column":0},"end":{"line":193,"column":6}},"193":{"start":{"line":194,"column":0},"end":{"line":194,"column":0}},"194":{"start":{"line":195,"column":0},"end":{"line":195,"column":53}},"195":{"start":{"line":196,"column":0},"end":{"line":196,"column":52}},"196":{"start":{"line":197,"column":0},"end":{"line":197,"column":6}},"197":{"start":{"line":198,"column":0},"end":{"line":198,"column":0}},"198":{"start":{"line":199,"column":0},"end":{"line":199,"column":37}},"199":{"start":{"line":200,"column":0},"end":{"line":200,"column":47}},"200":{"start":{"line":201,"column":0},"end":{"line":201,"column":57}},"201":{"start":{"line":202,"column":0},"end":{"line":202,"column":65}},"202":{"start":{"line":203,"column":0},"end":{"line":203,"column":10}},"203":{"start":{"line":204,"column":0},"end":{"line":204,"column":0}},"204":{"start":{"line":205,"column":0},"end":{"line":205,"column":12}},"205":{"start":{"line":206,"column":0},"end":{"line":206,"column":13}},"206":{"start":{"line":207,"column":0},"end":{"line":207,"column":23}},"207":{"start":{"line":208,"column":0},"end":{"line":208,"column":28}},"208":{"start":{"line":209,"column":0},"end":{"line":209,"column":28}},"209":{"start":{"line":210,"column":0},"end":{"line":210,"column":50}},"210":{"start":{"line":211,"column":0},"end":{"line":211,"column":13}},"211":{"start":{"line":212,"column":0},"end":{"line":212,"column":20}},"212":{"start":{"line":213,"column":0},"end":{"line":213,"column":25}},"213":{"start":{"line":214,"column":0},"end":{"line":214,"column":0}},"214":{"start":{"line":215,"column":0},"end":{"line":215,"column":16}},"215":{"start":{"line":216,"column":0},"end":{"line":216,"column":21}},"216":{"start":{"line":217,"column":0},"end":{"line":217,"column":36}},"217":{"start":{"line":218,"column":0},"end":{"line":218,"column":44}},"218":{"start":{"line":219,"column":0},"end":{"line":219,"column":42}},"219":{"start":{"line":220,"column":0},"end":{"line":220,"column":18}},"220":{"start":{"line":221,"column":0},"end":{"line":221,"column":13}},"221":{"start":{"line":222,"column":0},"end":{"line":222,"column":30}},"222":{"start":{"line":223,"column":0},"end":{"line":223,"column":21}},"223":{"start":{"line":224,"column":0},"end":{"line":224,"column":58}},"224":{"start":{"line":225,"column":0},"end":{"line":225,"column":28}},"225":{"start":{"line":226,"column":0},"end":{"line":226,"column":33}},"226":{"start":{"line":227,"column":0},"end":{"line":227,"column":38}},"227":{"start":{"line":228,"column":0},"end":{"line":228,"column":47}},"228":{"start":{"line":229,"column":0},"end":{"line":229,"column":33}},"229":{"start":{"line":230,"column":0},"end":{"line":230,"column":57}},"230":{"start":{"line":231,"column":0},"end":{"line":231,"column":48}},"231":{"start":{"line":232,"column":0},"end":{"line":232,"column":33}},"232":{"start":{"line":233,"column":0},"end":{"line":233,"column":29}},"233":{"start":{"line":234,"column":0},"end":{"line":234,"column":56}},"234":{"start":{"line":235,"column":0},"end":{"line":235,"column":62}},"235":{"start":{"line":236,"column":0},"end":{"line":236,"column":30}},"236":{"start":{"line":237,"column":0},"end":{"line":237,"column":26}},"237":{"start":{"line":238,"column":0},"end":{"line":238,"column":21}},"238":{"start":{"line":239,"column":0},"end":{"line":239,"column":75}},"239":{"start":{"line":240,"column":0},"end":{"line":240,"column":30}},"240":{"start":{"line":241,"column":0},"end":{"line":241,"column":39}},"241":{"start":{"line":242,"column":0},"end":{"line":242,"column":73}},"242":{"start":{"line":243,"column":0},"end":{"line":243,"column":30}},"243":{"start":{"line":244,"column":0},"end":{"line":244,"column":39}},"244":{"start":{"line":245,"column":0},"end":{"line":245,"column":40}},"245":{"start":{"line":246,"column":0},"end":{"line":246,"column":22}},"246":{"start":{"line":247,"column":0},"end":{"line":247,"column":0}},"247":{"start":{"line":248,"column":0},"end":{"line":248,"column":29}},"248":{"start":{"line":249,"column":0},"end":{"line":249,"column":21}},"249":{"start":{"line":250,"column":0},"end":{"line":250,"column":35}},"250":{"start":{"line":251,"column":0},"end":{"line":251,"column":42}},"251":{"start":{"line":252,"column":0},"end":{"line":252,"column":75}},"252":{"start":{"line":253,"column":0},"end":{"line":253,"column":49}},"253":{"start":{"line":254,"column":0},"end":{"line":254,"column":44}},"254":{"start":{"line":255,"column":0},"end":{"line":255,"column":70}},"255":{"start":{"line":256,"column":0},"end":{"line":256,"column":25}},"256":{"start":{"line":257,"column":0},"end":{"line":257,"column":50}},"257":{"start":{"line":258,"column":0},"end":{"line":258,"column":38}},"258":{"start":{"line":259,"column":0},"end":{"line":259,"column":75}},"259":{"start":{"line":260,"column":0},"end":{"line":260,"column":32}},"260":{"start":{"line":261,"column":0},"end":{"line":261,"column":44}},"261":{"start":{"line":262,"column":0},"end":{"line":262,"column":36}},"262":{"start":{"line":263,"column":0},"end":{"line":263,"column":57}},"263":{"start":{"line":264,"column":0},"end":{"line":264,"column":55}},"264":{"start":{"line":265,"column":0},"end":{"line":265,"column":55}},"265":{"start":{"line":266,"column":0},"end":{"line":266,"column":25}},"266":{"start":{"line":267,"column":0},"end":{"line":267,"column":22}},"267":{"start":{"line":268,"column":0},"end":{"line":268,"column":22}},"268":{"start":{"line":269,"column":0},"end":{"line":269,"column":0}},"269":{"start":{"line":270,"column":0},"end":{"line":270,"column":28}},"270":{"start":{"line":271,"column":0},"end":{"line":271,"column":21}},"271":{"start":{"line":272,"column":0},"end":{"line":272,"column":79}},"272":{"start":{"line":273,"column":0},"end":{"line":273,"column":66}},"273":{"start":{"line":274,"column":0},"end":{"line":274,"column":72}},"274":{"start":{"line":275,"column":0},"end":{"line":275,"column":26}},"275":{"start":{"line":276,"column":0},"end":{"line":276,"column":35}},"276":{"start":{"line":277,"column":0},"end":{"line":277,"column":44}},"277":{"start":{"line":278,"column":0},"end":{"line":278,"column":36}},"278":{"start":{"line":279,"column":0},"end":{"line":279,"column":51}},"279":{"start":{"line":280,"column":0},"end":{"line":280,"column":44}},"280":{"start":{"line":281,"column":0},"end":{"line":281,"column":72}},"281":{"start":{"line":282,"column":0},"end":{"line":282,"column":25}},"282":{"start":{"line":283,"column":0},"end":{"line":283,"column":52}},"283":{"start":{"line":284,"column":0},"end":{"line":284,"column":38}},"284":{"start":{"line":285,"column":0},"end":{"line":285,"column":32}},"285":{"start":{"line":286,"column":0},"end":{"line":286,"column":59}},"286":{"start":{"line":287,"column":0},"end":{"line":287,"column":38}},"287":{"start":{"line":288,"column":0},"end":{"line":288,"column":22}},"288":{"start":{"line":289,"column":0},"end":{"line":289,"column":0}},"289":{"start":{"line":290,"column":0},"end":{"line":290,"column":24}},"290":{"start":{"line":291,"column":0},"end":{"line":291,"column":29}},"291":{"start":{"line":292,"column":0},"end":{"line":292,"column":34}},"292":{"start":{"line":293,"column":0},"end":{"line":293,"column":33}},"293":{"start":{"line":294,"column":0},"end":{"line":294,"column":52}},"294":{"start":{"line":295,"column":0},"end":{"line":295,"column":44}},"295":{"start":{"line":296,"column":0},"end":{"line":296,"column":43}},"296":{"start":{"line":297,"column":0},"end":{"line":297,"column":26}},"297":{"start":{"line":298,"column":0},"end":{"line":298,"column":21}},"298":{"start":{"line":299,"column":0},"end":{"line":299,"column":35}},"299":{"start":{"line":300,"column":0},"end":{"line":300,"column":43}},"300":{"start":{"line":301,"column":0},"end":{"line":301,"column":33}},"301":{"start":{"line":302,"column":0},"end":{"line":302,"column":51}},"302":{"start":{"line":303,"column":0},"end":{"line":303,"column":52}},"303":{"start":{"line":304,"column":0},"end":{"line":304,"column":38}},"304":{"start":{"line":305,"column":0},"end":{"line":305,"column":30}},"305":{"start":{"line":306,"column":0},"end":{"line":306,"column":25}},"306":{"start":{"line":307,"column":0},"end":{"line":307,"column":61}},"307":{"start":{"line":308,"column":0},"end":{"line":308,"column":39}},"308":{"start":{"line":309,"column":0},"end":{"line":309,"column":48}},"309":{"start":{"line":310,"column":0},"end":{"line":310,"column":47}},"310":{"start":{"line":311,"column":0},"end":{"line":311,"column":60}},"311":{"start":{"line":312,"column":0},"end":{"line":312,"column":29}},"312":{"start":{"line":313,"column":0},"end":{"line":313,"column":57}},"313":{"start":{"line":314,"column":0},"end":{"line":314,"column":61}},"314":{"start":{"line":315,"column":0},"end":{"line":315,"column":38}},"315":{"start":{"line":316,"column":0},"end":{"line":316,"column":44}},"316":{"start":{"line":317,"column":0},"end":{"line":317,"column":49}},"317":{"start":{"line":318,"column":0},"end":{"line":318,"column":60}},"318":{"start":{"line":319,"column":0},"end":{"line":319,"column":48}},"319":{"start":{"line":320,"column":0},"end":{"line":320,"column":78}},"320":{"start":{"line":321,"column":0},"end":{"line":321,"column":75}},"321":{"start":{"line":322,"column":0},"end":{"line":322,"column":45}},"322":{"start":{"line":323,"column":0},"end":{"line":323,"column":59}},"323":{"start":{"line":324,"column":0},"end":{"line":324,"column":76}},"324":{"start":{"line":325,"column":0},"end":{"line":325,"column":59}},"325":{"start":{"line":326,"column":0},"end":{"line":326,"column":58}},"326":{"start":{"line":327,"column":0},"end":{"line":327,"column":45}},"327":{"start":{"line":328,"column":0},"end":{"line":328,"column":41}},"328":{"start":{"line":329,"column":0},"end":{"line":329,"column":39}},"329":{"start":{"line":330,"column":0},"end":{"line":330,"column":34}},"330":{"start":{"line":331,"column":0},"end":{"line":331,"column":59}},"331":{"start":{"line":332,"column":0},"end":{"line":332,"column":57}},"332":{"start":{"line":333,"column":0},"end":{"line":333,"column":38}},"333":{"start":{"line":334,"column":0},"end":{"line":334,"column":46}},"334":{"start":{"line":335,"column":0},"end":{"line":335,"column":49}},"335":{"start":{"line":336,"column":0},"end":{"line":336,"column":64}},"336":{"start":{"line":337,"column":0},"end":{"line":337,"column":48}},"337":{"start":{"line":338,"column":0},"end":{"line":338,"column":78}},"338":{"start":{"line":339,"column":0},"end":{"line":339,"column":75}},"339":{"start":{"line":340,"column":0},"end":{"line":340,"column":45}},"340":{"start":{"line":341,"column":0},"end":{"line":341,"column":64}},"341":{"start":{"line":342,"column":0},"end":{"line":342,"column":76}},"342":{"start":{"line":343,"column":0},"end":{"line":343,"column":64}},"343":{"start":{"line":344,"column":0},"end":{"line":344,"column":63}},"344":{"start":{"line":345,"column":0},"end":{"line":345,"column":45}},"345":{"start":{"line":346,"column":0},"end":{"line":346,"column":41}},"346":{"start":{"line":347,"column":0},"end":{"line":347,"column":39}},"347":{"start":{"line":348,"column":0},"end":{"line":348,"column":34}},"348":{"start":{"line":349,"column":0},"end":{"line":349,"column":61}},"349":{"start":{"line":350,"column":0},"end":{"line":350,"column":69}},"350":{"start":{"line":351,"column":0},"end":{"line":351,"column":34}},"351":{"start":{"line":352,"column":0},"end":{"line":352,"column":33}},"352":{"start":{"line":353,"column":0},"end":{"line":353,"column":41}},"353":{"start":{"line":354,"column":0},"end":{"line":354,"column":37}},"354":{"start":{"line":355,"column":0},"end":{"line":355,"column":26}},"355":{"start":{"line":356,"column":0},"end":{"line":356,"column":0}},"356":{"start":{"line":357,"column":0},"end":{"line":357,"column":38}},"357":{"start":{"line":358,"column":0},"end":{"line":358,"column":40}},"358":{"start":{"line":359,"co
[...]
":43},"end":{"line":96,"column":3}},"locations":[{"start":{"line":81,"column":43},"end":{"line":96,"column":3}}]},"17":{"type":"branch","line":99,"loc":{"start":{"line":99,"column":47},"end":{"line":99,"column":90}},"locations":[{"start":{"line":99,"column":47},"end":{"line":99,"column":90}}]},"18":{"type":"branch","line":100,"loc":{"start":{"line":100,"column":48},"end":{"line":100,"column":92}},"locations":[{"start":{"line":100,"column":48},"end":{"line":100,"column":92}}]},"19":{"type":"branch","line":113,"loc":{"start":{"line":113,"column":41},"end":{"line":142,"column":2}},"locations":[{"start":{"line":113,"column":41},"end":{"line":142,"column":2}}]},"20":{"type":"branch","line":145,"loc":{"start":{"line":145,"column":36},"end":{"line":166,"column":2}},"locations":[{"start":{"line":145,"column":36},"end":{"line":166,"column":2}}]},"21":{"type":"branch","line":148,"loc":{"start":{"line":148,"column":35},"end":{"line":150,"column":3}},"locations":[{"start":{"line":148,"column":35},"end":{"line":150,"column":3}}]},"22":{"type":"branch","line":152,"loc":{"start":{"line":152,"column":35},"end":{"line":154,"column":3}},"locations":[{"start":{"line":152,"column":35},"end":{"line":154,"column":3}}]},"23":{"type":"branch","line":161,"loc":{"start":{"line":161,"column":34},"end":{"line":163,"column":3}},"locations":[{"start":{"line":161,"column":34},"end":{"line":163,"column":3}}]},"24":{"type":"branch","line":156,"loc":{"start":{"line":156,"column":43},"end":{"line":156,"column":54}},"locations":[{"start":{"line":156,"column":43},"end":{"line":156,"column":54}}]},"25":{"type":"branch","line":157,"loc":{"start":{"line":157,"column":47},"end":{"line":158,"column":81}},"locations":[{"start":{"line":157,"column":47},"end":{"line":158,"column":81}}]},"26":{"type":"branch","line":158,"loc":{"start":{"line":158,"column":30},"end":{"line":158,"column":81}},"locations":[{"start":{"line":158,"column":30},"end":{"line":158,"column":81}}]}},"b":{"0":[27],"1":[1],"2":[24],"3":[1],"4":[1],"5":[25],"6":[13],"7":[6],"8":[1],"9":[5],"10":[14],"11":[14],"12":[1],"13":[3],"14":[9],"15":[0],"16":[9],"17":[9],"18":[9],"19":[3],"20":[5],"21":[2],"22":[2],"23":[1],"24":[10],"25":[10],"26":[9]},"fnMap":{"0":{"name":"calculateAnnualSalary","decl":{"start":{"line":10,"column":37},"end":{"line":21,"column":2}},"loc":{"start":{"line":10,"column":37},"end":{"line":21,"column":2}},"line":10},"1":{"name":"calculateHourlyRate","decl":{"start":{"line":24,"column":35},"end":{"line":26,"column":2}},"loc":{"start":{"line":24,"column":35},"end":{"line":26,"column":2}},"line":24},"2":{"name":"calculateAnnualExecutions","decl":{"start":{"line":29,"column":41},"end":{"line":37,"column":2}},"loc":{"start":{"line":29,"column":41},"end":{"line":37,"column":2}},"line":29},"3":{"name":"calculateTeamAverageHourlyRate","decl":{"start":{"line":40,"column":46},"end":{"line":57,"column":2}},"loc":{"start":{"line":40,"column":46},"end":{"line":57,"column":2}},"line":40},"4":{"name":"calculateTeamCost","decl":{"start":{"line":60,"column":33},"end":{"line":110,"column":2}},"loc":{"start":{"line":60,"column":33},"end":{"line":110,"column":2}},"line":60},"5":{"name":"createDefaultTeamCostData","decl":{"start":{"line":113,"column":41},"end":{"line":142,"column":2}},"loc":{"start":{"line":113,"column":41},"end":{"line":142,"column":2}},"line":113},"6":{"name":"validateTeamCostData","decl":{"start":{"line":145,"column":36},"end":{"line":166,"column":2}},"loc":{"start":{"line":145,"column":36},"end":{"line":166,"column":2}},"line":145}},"f":{"0":27,"1":25,"2":13,"3":6,"4":3,"5":3,"6":5}}
,"D:\\自己開発\\value-me\\src\\utils\\validation.ts": {"path":"D:\\自己開発\\value-me\\src\\utils\\validation.ts","all":false,"statementMap":{"7":{"start":{"line":8,"column":0},"end":{"line":8,"column":68}},"8":{"start":{"line":9,"column":0},"end":{"line":9,"column":34}},"9":{"start":{"line":10,"column":0},"end":{"line":10,"column":12}},"10":{"start":{"line":11,"column":0},"end":{"line":11,"column":21}},"11":{"start":{"line":12,"column":0},"end":{"line":12,"column":38}},"12":{"start":{"line":13,"column":0},"end":{"line":13,"column":6}},"13":{"start":{"line":14,"column":0},"end":{"line":14,"column":3}},"15":{"start":{"line":16,"column":0},"end":{"line":16,"column":26}},"16":{"start":{"line":17,"column":0},"end":{"line":17,"column":12}},"17":{"start":{"line":18,"column":0},"end":{"line":18,"column":21}},"18":{"start":{"line":19,"column":0},"end":{"line":19,"column":39}},"19":{"start":{"line":20,"column":0},"end":{"line":20,"column":6}},"20":{"start":{"line":21,"column":0},"end":{"line":21,"column":3}},"22":{"start":{"line":23,"column":0},"end":{"line":23,"column":27}},"23":{"start":{"line":24,"column":0},"end":{"line":24,"column":2}},"25":{"start":{"line":26,"column":0},"end":{"line":26,"column":70}},"26":{"start":{"line":27,"column":0},"end":{"line":27,"column":34}},"27":{"start":{"line":28,"column":0},"end":{"line":28,"column":12}},"28":{"start":{"line":29,"column":0},"end":{"line":29,"column":21}},"29":{"start":{"line":30,"column":0},"end":{"line":30,"column":40}},"30":{"start":{"line":31,"column":0},"end":{"line":31,"column":6}},"31":{"start":{"line":32,"column":0},"end":{"line":32,"column":3}},"33":{"start":{"line":34,"column":0},"end":{"line":34,"column":20}},"34":{"start":{"line":35,"column":0},"end":{"line":35,"column":12}},"35":{"start":{"line":36,"column":0},"end":{"line":36,"column":21}},"36":{"start":{"line":37,"column":0},"end":{"line":37,"column":42}},"37":{"start":{"line":38,"column":0},"end":{"line":38,"column":6}},"38":{"start":{"line":39,"column":0},"end":{"line":39,"column":3}},"40":{"start":{"line":41,"column":0},"end":{"line":41,"column":27}},"41":{"start":{"line":42,"column":0},"end":{"line":42,"column":2}},"43":{"start":{"line":44,"column":0},"end":{"line":44,"column":74}},"44":{"start":{"line":45,"column":0},"end":{"line":45,"column":36}},"45":{"start":{"line":46,"column":0},"end":{"line":46,"column":12}},"46":{"start":{"line":47,"column":0},"end":{"line":47,"column":21}},"47":{"start":{"line":48,"column":0},"end":{"line":48,"column":43}},"48":{"start":{"line":49,"column":0},"end":{"line":49,"column":6}},"49":{"start":{"line":50,"column":0},"end":{"line":50,"column":3}},"51":{"start":{"line":52,"column":0},"end":{"line":52,"column":19}},"52":{"start":{"line":53,"column":0},"end":{"line":53,"column":12}},"53":{"start":{"line":54,"column":0},"end":{"line":54,"column":21}},"54":{"start":{"line":55,"column":0},"end":{"line":55,"column":42}},"55":{"start":{"line":56,"column":0},"end":{"line":56,"column":6}},"56":{"start":{"line":57,"column":0},"end":{"line":57,"column":3}},"58":{"start":{"line":59,"column":0},"end":{"line":59,"column":27}},"59":{"start":{"line":60,"column":0},"end":{"line":60,"column":2}},"61":{"start":{"line":62,"column":0},"end":{"line":62,"column":71}},"62":{"start":{"line":63,"column":0},"end":{"line":63,"column":34}},"63":{"start":{"line":64,"column":0},"end":{"line":64,"column":12}},"64":{"start":{"line":65,"column":0},"end":{"line":65,"column":21}},"65":{"start":{"line":66,"column":0},"end":{"line":66,"column":38}},"66":{"start":{"line":67,"column":0},"end":{"line":67,"column":6}},"67":{"start":{"line":68,"column":0},"end":{"line":68,"column":3}},"69":{"start":{"line":70,"column":0},"end":{"line":70,"column":25}},"70":{"start":{"line":71,"column":0},"end":{"line":71,"column":12}},"71":{"start":{"line":72,"column":0},"end":{"line":72,"column":21}},"72":{"start":{"line":73,"column":0},"end":{"line":73,"column":43}},"73":{"start":{"line":74,"column":0},"end":{"line":74,"column":6}},"74":{"start":{"line":75,"column":0},"end":{"line":75,"column":3}},"76":{"start":{"line":77,"column":0},"end":{"line":77,"column":27}},"77":{"start":{"line":78,"column":0},"end":{"line":78,"column":2}},"79":{"start":{"line":80,"column":0},"end":{"line":80,"column":67}},"80":{"start":{"line":81,"column":0},"end":{"line":81,"column":34}},"81":{"start":{"line":82,"column":0},"end":{"line":82,"column":12}},"82":{"start":{"line":83,"column":0},"end":{"line":83,"column":21}},"83":{"start":{"line":84,"column":0},"end":{"line":84,"column":40}},"84":{"start":{"line":85,"column":0},"end":{"line":85,"column":6}},"85":{"start":{"line":86,"column":0},"end":{"line":86,"column":3}},"87":{"start":{"line":88,"column":0},"end":{"line":88,"column":25}},"88":{"start":{"line":89,"column":0},"end":{"line":89,"column":12}},"89":{"start":{"line":90,"column":0},"end":{"line":90,"column":21}},"90":{"start":{"line":91,"column":0},"end":{"line":91,"column":45}},"91":{"start":{"line":92,"column":0},"end":{"line":92,"column":6}},"92":{"start":{"line":93,"column":0},"end":{"line":93,"column":3}},"94":{"start":{"line":95,"column":0},"end":{"line":95,"column":27}},"95":{"start":{"line":96,"column":0},"end":{"line":96,"column":2}},"97":{"start":{"line":98,"column":0},"end":{"line":98,"column":76}},"98":{"start":{"line":99,"column":0},"end":{"line":99,"column":34}},"99":{"start":{"line":100,"column":0},"end":{"line":100,"column":12}},"100":{"start":{"line":101,"column":0},"end":{"line":101,"column":21}},"101":{"start":{"line":102,"column":0},"end":{"line":102,"column":42}},"102":{"start":{"line":103,"column":0},"end":{"line":103,"column":6}},"103":{"start":{"line":104,"column":0},"end":{"line":104,"column":3}},"105":{"start":{"line":106,"column":0},"end":{"line":106,"column":20}},"106":{"start":{"line":107,"column":0},"end":{"line":107,"column":12}},"107":{"start":{"line":108,"column":0},"end":{"line":108,"column":21}},"108":{"start":{"line":109,"column":0},"end":{"line":109,"column":44}},"109":{"start":{"line":110,"column":0},"end":{"line":110,"column":6}},"110":{"start":{"line":111,"column":0},"end":{"line":111,"column":3}},"112":{"start":{"line":113,"column":0},"end":{"line":113,"column":27}},"113":{"start":{"line":114,"column":0},"end":{"line":114,"column":2}},"115":{"start":{"line":116,"column":0},"end":{"line":116,"column":75}},"116":{"start":{"line":117,"column":0},"end":{"line":117,"column":34}},"117":{"start":{"line":118,"column":0},"end":{"line":118,"column":12}},"118":{"start":{"line":119,"column":0},"end":{"line":119,"column":21}},"119":{"start":{"line":120,"column":0},"end":{"line":120,"column":41}},"120":{"start":{"line":121,"column":0},"end":{"line":121,"column":6}},"121":{"start":{"line":122,"column":0},"end":{"line":122,"column":3}},"123":{"start":{"line":124,"column":0},"end":{"line":124,"column":25}},"124":{"start":{"line":125,"column":0},"end":{"line":125,"column":12}},"125":{"start":{"line":126,"column":0},"end":{"line":126,"column":21}},"126":{"start":{"line":127,"column":0},"end":{"line":127,"column":46}},"127":{"start":{"line":128,"column":0},"end":{"line":128,"column":6}},"128":{"start":{"line":129,"column":0},"end":{"line":129,"column":3}},"130":{"start":{"line":131,"column":0},"end":{"line":131,"column":27}},"131":{"start":{"line":132,"column":0},"end":{"line":132,"column":2}}},"s":{"7":1,"8":10,"9":3,"10":3,"11":3,"12":3,"13":3,"15":10,"16":1,"17":1,"18":1,"19":1,"20":1,"22":6,"23":6,"25":1,"26":8,"27":2,"28":2,"29":2,"30":2,"31":2,"33":8,"34":2,"35":2,"36":2,"37":2,"38":2,"40":4,"41":4,"43":1,"44":9,"45":3,"46":3,"47":3,"48":3,"49":3,"51":9,"52":1,"53":1,"54":1,"55":1,"56":1,"58":5,"59":5,"61":1,"62":6,"63":1,"64":1,"65":1,"66":1,"67":1,"69":6,"70":1,"71":1,"72":1,"73":1,"74":1,"76":4,"77":4,"79":1,"80":6,"81":1,"82":1,"83":1,"84":1,"85":1,"87":6,"88":1,"89":1,"90":1,"91":1,"92":1,"94":4,"95":4,"97":1,"98":5,"99":1,"100":1,"101":1,"102":1,"103":1,"105":5,"106":1,"107":1,"108":1,"109":1,"110":1,"112":3,"113":3,"115":1,"116":6,"117":1,"118":1,"119":1,"120":1,"121":1,"123":6,"124":1,"125":1,"126":1,"127":1,"128":1,"130":4,"131":4},"branchMap":{"0":{"type":"branch","line":8,"loc":{"start":{"line":8,"column":30},"end":{"line":24,"column":2}},"locations":[{"start":{"line":8,"column":30},"end":{"line":24,"column":2}}]},"1":{"type":"branch","line":9,"loc":{"start":{"line":9,"column":17},"end":{"line":9,"column":33}},"locations":[{"start":{"line":9,"column":17},"end":{"line":9,"column":33}}]},"2":{"type":"branch","line":9,"loc":{"start":{"line":9,"column":33},"end":{"line":14,"column":3}},"locations":[{"start":{"line":9,"column":33},"end":{"line":14,"column":3}}]},"3":{"type":"branch","line":14,"loc":{"start":{"line":14,"column":2},"end":{"line":16,"column":25}},"locations":[{"start":{"line":14,"column":2},"end":{"line":16,"column":25}}]},"4":{"type":"branch","line":16,"loc":{"start":{"line":16,"column":25},"end":{"line":21,"column":3}},"locations":[{"start":{"line":16,"column":25},"end":{"line":21,"column":3}}]},"5":{"type":"branch","line":21,"loc":{"start":{"line":21,"column":2},"end":{"line":24,"column":2}},"locations":[{"start":{"line":21,"column":2},"end":{"line":24,"column":2}}]},"6":{"type":"branch","line":26,"loc":{"start":{"line":26,"column":32},"end":{"line":42,"column":2}},"locations":[{"start":{"line":26,"column":32},"end":{"line":42,"column":2}}]},"7":{"type":"branch","line":27,"loc":{"start":{"line":27,"column":17},"end":{"line":27,"column":33}},"locations":[{"start":{"line":27,"column":17},"end":{"line":27,"column":33}}]},"8":{"type":"branch","line":27,"loc":{"start":{"line":27,"column":33},"end":{"line":32,"column":3}},"locations":[{"start":{"line":27,"column":33},"end":{"line":32,"column":3}}]},"9":{"type":"branch","line":32,"loc":{"start":{"line":32,"column":2},"end":{"line":34,"column":19}},"locations":[{"start":{"line":32,"column":2},"end":{"line":34,"column":19}}]},"10":{"type":"branch","line":34,"loc":{"start":{"line":34,"column":19},"end":{"line":39,"column":3}},"locations":[{"start":{"line":34,"column":19},"end":{"line":39,"column":3}}]},"11":{"type":"branch","line":39,"loc":{"start":{"line":39,"column":2},"end":{"line":42,"column":2}},"locations":[{"start":{"line":39,"column":2},"end":{"line":42,"column":2}}]},"12":{"type":"branch","line":44,"loc":{"start":{"line":44,"column":36},"end":{"line":60,"column":2}},"locations":[{"start":{"line":44,"column":36},"end":{"line":60,"column":2}}]},"13":{"type":"branch","line":45,"loc":{"start":{"line":45,"column":35},"end":{"line":50,"column":3}},"locations":[{"start":{"line":45,"column":35},"end":{"line":50,"column":3}}]},"14":{"type":"branch","line":50,"loc":{"start":{"line":50,"column":2},"end":{"line":52,"column":18}},"locations":[{"start":{"line":50,"column":2},"end":{"line":52,"column":18}}]},"15":{"type":"branch","line":52,"loc":{"start":{"line":52,"column":18},"end":{"line":57,"column":3}},"locations":[{"start":{"line":52,"column":18},"end":{"line":57,"column":3}}]},"16":{"type":"branch","line":57,"loc":{"start":{"line":57,"column":2},"end":{"line":60,"column":2}},"locations":[{"start":{"line":57,"column":2},"end":{"line":60,"column":2}}]},"17":{"type":"branch","line":62,"loc":{"start":{"line":62,"column":33},"end":{"line":78,"column":2}},"locations":[{"start":{"line":62,"column":33},"end":{"line":78,"column":2}}]},"18":{"type":"branch","line":63,"loc":{"start":{"line":63,"column":33},"end":{"line":68,"column":3}},"locations":[{"start":{"line":63,"column":33},"end":{"line":68,"column":3}}]},"19":{"type":"branch","line":68,"loc":{"start":{"line":68,"column":2},"end":{"line":70,"column":24}},"locations":[{"start":{"line":68,"column":2},"end":{"line":70,"column":24}}]},"20":{"type":"branch","line":70,"loc":{"start":{"line":70,"column":24},"end":{"line":75,"column":3}},"locations":[{"start":{"line":70,"column":24},"end":{"line":75,"column":3}}]},"21":{"type":"branch","line":75,"loc":{"start":{"line":75,"column":2},"end":{"line":78,"column":2}},"locations":[{"start":{"line":75,"column":2},"end":{"line":78,"column":2}}]},"22":{"type":"branch","line":80,"loc":{"start":{"line":80,"column":29},"end":{"line":96,"column":2}},"locations":[{"start":{"line":80,"column":29},"end":{"line":96,"column":2}}]},"23":{"type":"branch","line":81,"loc":{"start":{"line":81,"column":33},"end":{"line":86,"column":3}},"locations":[{"start":{"line":81,"column":33},"end":{"line":86,"column":3}}]},"24":{"type":"branch","line":86,"loc":{"start":{"line":86,"column":2},"end":{"line":88,"column":24}},"locations":[{"start":{"line":86,"column":2},"end":{"line":88,"column":24}}]},"25":{"type":"branch","line":88,"loc":{"start":{"line":88,"column":24},"end":{"line":93,"column":3}},"locations":[{"start":{"line":88,"column":24},"end":{"line":93,"column":3}}]},"26":{"type":"branch","line":93,"loc":{"start":{"line":93,"column":2},"end":{"line":96,"column":2}},"locations":[{"start":{"line":93,"column":2},"end":{"line":96,"column":2}}]},"27":{"type":"branch","line":98,"loc":{"start":{"line":98,"column":38},"end":{"line":114,"column":2}},"locations":[{"start":{"line":98,"column":38},"end":{"line":114,"column":2}}]},"28":{"type":"branch","line":99,"loc":{"start":{"line":99,"column":33},"end":{"line":104,"column":3}},"locations":[{"start":{"line":99,"column":33},"end":{"line":104,"column":3}}]},"29":{"type":"branch","line":104,"loc":{"start":{"line":104,"column":2},"end":{"line":106,"column":19}},"locations":[{"start":{"line":104,"column":2},"end":{"line":106,"column":19}}]},"30":{"type":"branch","line":106,"loc":{"start":{"line":106,"column":19},"end":{"line":111,"column":3}},"locations":[{"start":{"line":106,"column":19},"end":{"line":111,"column":3}}]},"31":{"type":"branch","line":111,"loc":{"start":{"line":111,"column":2},"end":{"line":114,"column":2}},"locations":[{"start":{"line":111,"column":2},"end":{"line":114,"column":2}}]},"32":{"type":"branch","line":116,"loc":{"start":{"line":116,"column":37},"end":{"line":132,"column":2}},"locations":[{"start":{"line":116,"column":37},"end":{"line":132,"column":2}}]},"33":{"type":"branch","line":117,"loc":{"start":{"line":117,"column":33},"end":{"line":122,"column":3}},"locations":[{"start":{"line":117,"column":33},"end":{"line":122,"column":3}}]},"34":{"type":"branch","line":122,"loc":{"start":{"line":122,"column":2},"end":{"line":124,"column":24}},"locations":[{"start":{"line":122,"column":2},"end":{"line":124,"column":24}}]},"35":{"type":"branch","line":124,"loc":{"start":{"line":124,"column":24},"end":{"line":129,"column":3}},"locations":[{"start":{"line":124,"column":24},"end":{"line":129,"column":3}}]},"36":{"type":"branch","line":129,"loc":{"start":{"line":129,"column":2},"end":{"line":132,"column":2}},"locations":[{"start":{"line":129,"column":2},"end":{"line":132,"column":2}}]}},"b":{"0":[10],"1":[9],"2":[3],"3":[7],"4":[1],"5":[6],"6":[8],"7":[7],"8":[2],"9":[6],"10":[2],"11":[4],"12":[9],"13":[3],"14":[6],"15":[1],"16":[5],"17":[6],"18":[1],"19":[5],"20":[1],"21":[4],"22":[6],"23":[1],"24":[5],"25":[1],"26":[4],"27":[5],"28":[1],"29":[4],"30":[1],"31":[3],"32":[6],"33":[1],"34":[5],"35":[1],"36":[4]},"fnMap":{"0":{"name":"validateSalary","decl":{"start":{"line":8,"column":30},"end":{"line":24,"column":2}},"loc":{"start":{"line":8,"column":30},"end":{"line":24,"column":2}},"line":8},"1":{"name":"validateHolidays","decl":{"start":{"line":26,"column":32},"end":{"line":42,"column":2}},"loc":{"start":{"line":26,"column":32},"end":{"line":42,"column":2}},"line":26},"2":{"name":"validateWorkingHours","decl":{"start":{"line":44,"column":36},"end":{"line":60,"column":2}},"loc":{"start":{"line":44,"column":36},"end":{"line":60,"column":2}},"line":44},"3":{"name":"validateAllowance","decl":{"start":{"line":62,"column":33},"end":{"line":78,"column":2}},"loc":{"start":{"line":62,"column":33},"end":{"line":78,"column":2}},"line":62},"4":{"name":"validateBonus","decl":{"start":{"line":80,"column":29},"end":{"line":96,"column":2}},"loc":{"start":{"line":80,"column":29},"end":{"line":96,"column":2}},"line":80},"5":{"name":"validateCustomHolidays","decl":{"start":{"line":98,"column":38},"end":{"line":114,"column":2}},"loc":{"start":{"line":98,"column":38},"end":{"line":114,"column":2}},"line":98},"6":{"name":"validateWelfareAmount","decl":{"start":{"line":116,"column":37},"end":{"line":132,"column":2}},"loc":{"start":{"line":116,"column":37},"end":{"line":132,"column":2}},"line":116}},"f":{"0":10,"1":8,"2":9,"3":6,"4":6,"5":5,"6":6}}
}
